<html>
<head>
<title>TestNG:  Service Deploy Step</title>
<link href="../testng.css" rel="stylesheet" type="text/css" />
<link href="../my-testng.css" rel="stylesheet" type="text/css" />

<style type="text/css">
.log { display: none;} 
.stack-trace { display: none;} 
</style>
<script type="text/javascript">
<!--
function flip(e) {
  current = e.style.display;
  if (current == 'block') {
    e.style.display = 'none';
    return 0;
  }
  else {
    e.style.display = 'block';
    return 1;
  }
}

function toggleBox(szDivId, elem, msg1, msg2)
{
  var res = -1;  if (document.getElementById) {
    res = flip(document.getElementById(szDivId));
  }
  else if (document.all) {
    // this is the way old msie versions work
    res = flip(document.all[szDivId]);
  }
  if(elem) {
    if(res == 0) elem.innerHTML = msg1; else elem.innerHTML = msg2;
  }

}

function toggleAllBoxes() {
  if (document.getElementsByTagName) {
    d = document.getElementsByTagName('div');
    for (i = 0; i < d.length; i++) {
      if (d[i].className == 'log') {
        flip(d[i]);
      }
    }
  }
}

// -->
</script>

</head>
<body>
<h2 align='center'>Service Deploy Step</h2><table border='1' align="center">
<tr>
<td>Tests passed/Failed/Skipped:</td><td>1/1/0</td>
</tr><tr>
<td>Started on:</td><td>Sat Oct 09 17:31:32 IST 2021</td>
</tr>
<tr><td>Total time:</td><td>5 seconds (5485 ms)</td>
</tr><tr>
<td>Included groups:</td><td></td>
</tr><tr>
<td>Excluded groups:</td><td></td>
</tr>
</table><p/>
<small><i>(Hover the method name to see the test class name)</i></small><p/>
<table width='100%' border='1' class='invocation-failed'>
<tr><td colspan='4' align='center'><b>FAILED TESTS</b></td></tr>
<tr><td><b>Test method</b></td>
<td width="30%"><b>Exception</b></td>
<td width="10%"><b>Time (seconds)</b></td>
<td><b>Instance</b></td>
</tr>
<tr>
<td title='com.java.qa.sccm.test.Step2Test.ValidationStep2()'><b>ValidationStep2</b><br>Test class: com.java.qa.sccm.test.Step2Test<br>Parameters: {customer_id=10034567, topology_type=1, route-map_nam=xyz, service_specific_id=1.227356323E9, transaction_id=5345, device_id=1000, TestName=validData, adl=null, _address_+_subnet_mask=235}</td>
<td><div><pre>io.restassured.path.json.exception.JsonPathException: Failed to parse the JSON document
	at io.restassured.path.json.JsonPath$ExceptionCatcher.invoke(JsonPath.java:1002)
	at io.restassured.path.json.JsonPath$4.doParseWith(JsonPath.java:967)
	at io.restassured.path.json.JsonPath$JsonParser.parseWith(JsonPath.java:1047)
	at io.restassured.path.json.JsonPath.get(JsonPath.java:202)
	at io.restassured.path.json.JsonPath.get(JsonPath.java:190)
	at com.java.qa.sccm.test.Step2Test.ValidationStep2(Step2Test.java:84)
	at java.base/java.util.ArrayList.forEach(ArrayList.java:1511)
Caused by: groovy.json.JsonException: A JSON payload should start with an openning curly brace &apos;{&apos; or an openning square bracket &apos;[&apos;.
Instead, &apos;&quot;Undefined array key &quot;endpoint_devices&quot;  |  #0 /var/www/html/SCCM/sccm_api/modules/versiSatu/controllers/ServicedeployController.php(455): yii\base\ErrorHandler-&gt;handleError()
#1 [internal function]: app\modules\versiSatu\controllers\ServicedeployController-&gt;actionStep2()
#2 /var/www/html/SCCM/vendor/yiisoft/yii2/base/InlineAction.php(57): call_user_func_array()
#3 /var/www/html/SCCM/vendor/yiisoft/yii2/base/Controller.php(181): yii\base\InlineAction-&gt;runWithParams()
#4 /var/www/html/SCCM/vendor/yiisoft/yii2/base/Module.php(534): yii\base\Controller-&gt;runAction()
#5 /var/www/html/SCCM/vendor/yiisoft/yii2/web/Application.php(104): yii\base\Module-&gt;runAction()
#6 /var/www/html/SCCM/vendor/yiisoft/yii2/base/Application.php(392): yii\web\Application-&gt;handleRequest()
#7 /var/www/html/SCCM/sccm_api/web/index.php(32): yii\base\Application-&gt;run()
#8 {main}&quot;&apos; was found on line: 1, column: 1
	at org.codehaus.groovy.runtime.callsite.ConstructorSite$ConstructorSiteNoUnwrapNoCoerce.callConstructor(ConstructorSite.java:105)
	at org.codehaus.groovy.runtime.callsite.CallSiteArray.defaultCallConstructor(CallSiteArray.java:59)
	at org.codehaus.groovy.runtime.callsite.AbstractCallSite.callConstructor(AbstractCallSite.java:263)
	at org.codehaus.groovy.runtime.callsite.AbstractCallSite.callConstructor(AbstractCallSite.java:277)
	at io.restassured.internal.path.json.ConfigurableJsonSlurper.parse(ConfigurableJsonSlurper.groovy:114)
	at io.restassured.internal.path.json.ConfigurableJsonSlurper$parse.callCurrent(Unknown Source)
	at io.restassured.internal.path.json.ConfigurableJsonSlurper.parseText(ConfigurableJsonSlurper.groovy:83)
	at io.restassured.path.json.JsonPath$4$1.method(JsonPath.java:965)
	at io.restassured.path.json.JsonPath$ExceptionCatcher.invoke(JsonPath.java:1000)
	... 33 more
... Removed 33 stack frames</pre></div><a href='#' onClick='toggleBox("stack-trace2136077704", this, "Click to show all stack frames", "Click to hide stack frames")'>Click to show all stack frames</a>
<div class='stack-trace' id='stack-trace2136077704'><pre>io.restassured.path.json.exception.JsonPathException: Failed to parse the JSON document
	at io.restassured.path.json.JsonPath$ExceptionCatcher.invoke(JsonPath.java:1002)
	at io.restassured.path.json.JsonPath$4.doParseWith(JsonPath.java:967)
	at io.restassured.path.json.JsonPath$JsonParser.parseWith(JsonPath.java:1047)
	at io.restassured.path.json.JsonPath.get(JsonPath.java:202)
	at io.restassured.path.json.JsonPath.get(JsonPath.java:190)
	at com.java.qa.sccm.test.Step2Test.ValidationStep2(Step2Test.java:84)
	at java.base/jdk.internal.reflect.NativeMethodAccessorImpl.invoke0(Native Method)
	at java.base/jdk.internal.reflect.NativeMethodAccessorImpl.invoke(NativeMethodAccessorImpl.java:78)
	at java.base/jdk.internal.reflect.DelegatingMethodAccessorImpl.invoke(DelegatingMethodAccessorImpl.java:43)
	at java.base/java.lang.reflect.Method.invoke(Method.java:567)
	at org.testng.internal.MethodInvocationHelper.invokeMethod(MethodInvocationHelper.java:133)
	at org.testng.internal.TestInvoker.invokeMethod(TestInvoker.java:598)
	at org.testng.internal.TestInvoker.invokeTestMethod(TestInvoker.java:173)
	at org.testng.internal.MethodRunner.runInSequence(MethodRunner.java:46)
	at org.testng.internal.TestInvoker$MethodInvocationAgent.invoke(TestInvoker.java:824)
	at org.testng.internal.TestInvoker.invokeTestMethods(TestInvoker.java:146)
	at org.testng.internal.TestMethodWorker.invokeTestMethods(TestMethodWorker.java:146)
	at org.testng.internal.TestMethodWorker.run(TestMethodWorker.java:128)
	at java.base/java.util.ArrayList.forEach(ArrayList.java:1511)
	at org.testng.TestRunner.privateRun(TestRunner.java:794)
	at org.testng.TestRunner.run(TestRunner.java:596)
	at org.testng.SuiteRunner.runTest(SuiteRunner.java:377)
	at org.testng.SuiteRunner.runSequentially(SuiteRunner.java:371)
	at org.testng.SuiteRunner.privateRun(SuiteRunner.java:332)
	at org.testng.SuiteRunner.run(SuiteRunner.java:276)
	at org.testng.SuiteRunnerWorker.runSuite(SuiteRunnerWorker.java:53)
	at org.testng.SuiteRunnerWorker.run(SuiteRunnerWorker.java:96)
	at org.testng.TestNG.runSuitesSequentially(TestNG.java:1212)
	at org.testng.TestNG.runSuitesLocally(TestNG.java:1134)
	at org.testng.TestNG.runSuites(TestNG.java:1063)
	at org.testng.TestNG.run(TestNG.java:1031)
	at org.testng.remote.AbstractRemoteTestNG.run(AbstractRemoteTestNG.java:115)
	at org.testng.remote.RemoteTestNG.initAndRun(RemoteTestNG.java:251)
	at org.testng.remote.RemoteTestNG.main(RemoteTestNG.java:77)
Caused by: groovy.json.JsonException: A JSON payload should start with an openning curly brace &apos;{&apos; or an openning square bracket &apos;[&apos;.
Instead, &apos;&quot;Undefined array key &quot;endpoint_devices&quot;  |  #0 /var/www/html/SCCM/sccm_api/modules/versiSatu/controllers/ServicedeployController.php(455): yii\base\ErrorHandler-&gt;handleError()
#1 [internal function]: app\modules\versiSatu\controllers\ServicedeployController-&gt;actionStep2()
#2 /var/www/html/SCCM/vendor/yiisoft/yii2/base/InlineAction.php(57): call_user_func_array()
#3 /var/www/html/SCCM/vendor/yiisoft/yii2/base/Controller.php(181): yii\base\InlineAction-&gt;runWithParams()
#4 /var/www/html/SCCM/vendor/yiisoft/yii2/base/Module.php(534): yii\base\Controller-&gt;runAction()
#5 /var/www/html/SCCM/vendor/yiisoft/yii2/web/Application.php(104): yii\base\Module-&gt;runAction()
#6 /var/www/html/SCCM/vendor/yiisoft/yii2/base/Application.php(392): yii\web\Application-&gt;handleRequest()
#7 /var/www/html/SCCM/sccm_api/web/index.php(32): yii\base\Application-&gt;run()
#8 {main}&quot;&apos; was found on line: 1, column: 1
	at java.base/jdk.internal.reflect.NativeConstructorAccessorImpl.newInstance0(Native Method)
	at java.base/jdk.internal.reflect.NativeConstructorAccessorImpl.newInstance(NativeConstructorAccessorImpl.java:78)
	at java.base/jdk.internal.reflect.DelegatingConstructorAccessorImpl.newInstance(DelegatingConstructorAccessorImpl.java:45)
	at java.base/java.lang.reflect.Constructor.newInstanceWithCaller(Constructor.java:499)
	at java.base/java.lang.reflect.Constructor.newInstance(Constructor.java:480)
	at org.codehaus.groovy.reflection.CachedConstructor.invoke(CachedConstructor.java:72)
	at org.codehaus.groovy.runtime.callsite.ConstructorSite$ConstructorSiteNoUnwrapNoCoerce.callConstructor(ConstructorSite.java:105)
	at org.codehaus.groovy.runtime.callsite.CallSiteArray.defaultCallConstructor(CallSiteArray.java:59)
	at org.codehaus.groovy.runtime.callsite.AbstractCallSite.callConstructor(AbstractCallSite.java:263)
	at org.codehaus.groovy.runtime.callsite.AbstractCallSite.callConstructor(AbstractCallSite.java:277)
	at io.restassured.internal.path.json.ConfigurableJsonSlurper.parse(ConfigurableJsonSlurper.groovy:114)
	at io.restassured.internal.path.json.ConfigurableJsonSlurper$parse.callCurrent(Unknown Source)
	at io.restassured.internal.path.json.ConfigurableJsonSlurper.parseText(ConfigurableJsonSlurper.groovy:83)
	at io.restassured.path.json.JsonPath$4$1.method(JsonPath.java:965)
	at io.restassured.path.json.JsonPath$ExceptionCatcher.invoke(JsonPath.java:1000)
	... 33 more
</pre></div></td>
<td>1</td>
<td>com.java.qa.sccm.test.Step2Test@58359ebd</td></tr>
</table><p>
<table width='100%' border='1' class='invocation-passed'>
<tr><td colspan='4' align='center'><b>PASSED TESTS</b></td></tr>
<tr><td><b>Test method</b></td>
<td width="30%"><b>Exception</b></td>
<td width="10%"><b>Time (seconds)</b></td>
<td><b>Instance</b></td>
</tr>
<tr>
<td title='com.java.qa.sccm.test.LoginTest.loginTestValidation()'><b>loginTestValidation</b><br>Test class: com.java.qa.sccm.test.LoginTest<br>Test method: Verify sign in functionality<br>Parameters: {TestName=LoginTest, ExpectedOutput=Data retrieval successfully, Password=Test@321, UserName=admin}<br/>
<a href="#Output-1808652004" onClick='toggleBox("Output-1808652004", this, "Show output", "Hide output");'>Show output</a>

<a href="#Output-1808652004" onClick="toggleAllBoxes();">Show all outputs</a>
<div class='log' id="Output-1808652004">
Request URI : http://173.37.21.174/SCCM/sccm_api/web/api/v1/login<br/>
Status code : 200<br/>
Response message : Response Messege : {
    "status": true,
    "message": "Data retrieval successfully",
    "token_type": "Bearer",
    "access_token": "eyJ0eXAiOiJKV1QiLCJhbGciOiJIUzI1NiJ9.eyJpc3MiOiJodHRwOlwvXC8xNzMuMzcuMjEuMTc0IiwiYXVkIjoiaHR0cDpcL1wvMTczLjM3LjIxLjE3NCIsImlhdCI6MTYzMzc4MDg5NSwibmJmIjoxNjMzNzgwODk1LCJleHAiOjE2MzM3ODQ0OTUsImp0aSI6Ijc5Rm0zRFhBbm9WbHJJRk00R1BzUXRMcER3SUYwUzlOIn0.GU7GP3PMK26BTHuvLhVANzT0SvNGte3gYHSSuR_qZRk"
}<br/>
</div>
</td>
<td></td>
<td>4</td>
<td>com.java.qa.sccm.test.LoginTest@5dd91bca</td></tr>
</table><p>
</body>
</html>