<?xml version="1.0" encoding="UTF-8"?>
<!-- Generated by org.testng.reporters.JUnitXMLReporter -->
<testsuite ignored="0" hostname="CSCO-W-PF32ZV1R" failures="1" tests="2" name="Service Deploy Step" time="5.485" errors="0" timestamp="2021-10-09T17:31:38 IST">
  <testcase classname="com.java.qa.sccm.test.LoginTest" name="loginTestValidation" time="4.112"/>
  <testcase classname="com.java.qa.sccm.test.Step2Test" name="ValidationStep2" time="1.034">
    <failure type="io.restassured.path.json.exception.JsonPathException" message="Failed to parse the JSON document">
      <![CDATA[io.restassured.path.json.exception.JsonPathException: Failed to parse the JSON document
at io.restassured.path.json.JsonPath$ExceptionCatcher.invoke(JsonPath.java:1002)
at io.restassured.path.json.JsonPath$4.doParseWith(JsonPath.java:967)
at io.restassured.path.json.JsonPath$JsonParser.parseWith(JsonPath.java:1047)
at io.restassured.path.json.JsonPath.get(JsonPath.java:202)
at io.restassured.path.json.JsonPath.get(JsonPath.java:190)
at com.java.qa.sccm.test.Step2Test.ValidationStep2(Step2Test.java:84)
at java.base/java.util.ArrayList.forEach(ArrayList.java:1511)
Caused by: groovy.json.JsonException: A JSON payload should start with an openning curly brace '{' or an openning square bracket '['.
Instead, '"Undefined array key "endpoint_devices"  |  #0 /var/www/html/SCCM/sccm_api/modules/versiSatu/controllers/ServicedeployController.php(455): yii\base\ErrorHandler->handleError()
#1 [internal function]: app\modules\versiSatu\controllers\ServicedeployController->actionStep2()
#2 /var/www/html/SCCM/vendor/yiisoft/yii2/base/InlineAction.php(57): call_user_func_array()
#3 /var/www/html/SCCM/vendor/yiisoft/yii2/base/Controller.php(181): yii\base\InlineAction->runWithParams()
#4 /var/www/html/SCCM/vendor/yiisoft/yii2/base/Module.php(534): yii\base\Controller->runAction()
#5 /var/www/html/SCCM/vendor/yiisoft/yii2/web/Application.php(104): yii\base\Module->runAction()
#6 /var/www/html/SCCM/vendor/yiisoft/yii2/base/Application.php(392): yii\web\Application->handleRequest()
#7 /var/www/html/SCCM/sccm_api/web/index.php(32): yii\base\Application->run()
#8 {main}"' was found on line: 1, column: 1
at org.codehaus.groovy.runtime.callsite.ConstructorSite$ConstructorSiteNoUnwrapNoCoerce.callConstructor(ConstructorSite.java:105)
at org.codehaus.groovy.runtime.callsite.CallSiteArray.defaultCallConstructor(CallSiteArray.java:59)
at org.codehaus.groovy.runtime.callsite.AbstractCallSite.callConstructor(AbstractCallSite.java:263)
at org.codehaus.groovy.runtime.callsite.AbstractCallSite.callConstructor(AbstractCallSite.java:277)
at io.restassured.internal.path.json.ConfigurableJsonSlurper.parse(ConfigurableJsonSlurper.groovy:114)
at io.restassured.internal.path.json.ConfigurableJsonSlurper$parse.callCurrent(Unknown Source)
at io.restassured.internal.path.json.ConfigurableJsonSlurper.parseText(ConfigurableJsonSlurper.groovy:83)
at io.restassured.path.json.JsonPath$4$1.method(JsonPath.java:965)
at io.restassured.path.json.JsonPath$ExceptionCatcher.invoke(JsonPath.java:1000)
... 33 more
... Removed 33 stack frames]]>
    </failure>
  </testcase> <!-- ValidationStep2 -->
</testsuite> <!-- Service Deploy Step -->
