<?xml version="1.0" encoding="UTF-8"?>
<!-- Generated by org.testng.reporters.JUnitXMLReporter -->
<testsuite ignored="0" hostname="CSCO-W-PF32ZV1R" failures="6" tests="7" name="create customer Test" time="6.079" errors="0" timestamp="2021-10-05T23:02:45 IST">
  <testcase classname="com.java.qa.sccm.test.CreateCustomerTest" name="createCustomerTest" time="1.4"/>
  <testcase classname="com.java.qa.sccm.test.CreateCustomerTest" name="createCustomerTest" time="0.792">
    <failure type="java.lang.AssertionError" message="expected [customer_name cannot be empty] but found [null]">
      <![CDATA[java.lang.AssertionError: expected [customer_name cannot be empty] but found [null]
at com.java.qa.sccm.test.CreateCustomerTest.createCustomerTest(CreateCustomerTest.java:92)
at java.base/java.util.ArrayList.forEach(ArrayList.java:1511)
... Removed 32 stack frames]]>
    </failure>
  </testcase> <!-- createCustomerTest -->
  <testcase classname="com.java.qa.sccm.test.CreateCustomerTest" name="createCustomerTest" time="0.746">
    <failure type="java.lang.AssertionError" message="expected [Kindly provide valid values of customer_name] but found [null]">
      <![CDATA[java.lang.AssertionError: expected [Kindly provide valid values of customer_name] but found [null]
at com.java.qa.sccm.test.CreateCustomerTest.createCustomerTest(CreateCustomerTest.java:97)
at java.base/java.util.ArrayList.forEach(ArrayList.java:1511)
... Removed 32 stack frames]]>
    </failure>
  </testcase> <!-- createCustomerTest -->
  <testcase classname="com.java.qa.sccm.test.CreateCustomerTest" name="createCustomerTest" time="0.792">
    <failure type="java.lang.AssertionError" message="expected [customer_id cannot be empty] but found [null]">
      <![CDATA[java.lang.AssertionError: expected [customer_id cannot be empty] but found [null]
at com.java.qa.sccm.test.CreateCustomerTest.createCustomerTest(CreateCustomerTest.java:102)
at java.base/java.util.ArrayList.forEach(ArrayList.java:1511)
... Removed 32 stack frames]]>
    </failure>
  </testcase> <!-- createCustomerTest -->
  <testcase classname="com.java.qa.sccm.test.CreateCustomerTest" name="createCustomerTest" time="0.754">
    <failure type="java.lang.AssertionError" message="expected [Kindly provide valid values of customer_id] but found [null]">
      <![CDATA[java.lang.AssertionError: expected [Kindly provide valid values of customer_id] but found [null]
at com.java.qa.sccm.test.CreateCustomerTest.createCustomerTest(CreateCustomerTest.java:107)
at java.base/java.util.ArrayList.forEach(ArrayList.java:1511)
... Removed 32 stack frames]]>
    </failure>
  </testcase> <!-- createCustomerTest -->
  <testcase classname="com.java.qa.sccm.test.CreateCustomerTest" name="createCustomerTest" time="0.726">
    <failure type="java.lang.AssertionError" message="expected [short_name cannot be empty] but found [null]">
      <![CDATA[java.lang.AssertionError: expected [short_name cannot be empty] but found [null]
at com.java.qa.sccm.test.CreateCustomerTest.createCustomerTest(CreateCustomerTest.java:112)
at java.base/java.util.ArrayList.forEach(ArrayList.java:1511)
... Removed 32 stack frames]]>
    </failure>
  </testcase> <!-- createCustomerTest -->
  <testcase classname="com.java.qa.sccm.test.CreateCustomerTest" name="createCustomerTest" time="0.826">
    <failure type="java.lang.AssertionError" message="expected [Short Name should contain at most 15 characters.] but found [Short Name Should Contain At Most 15 Characters.]">
      <![CDATA[java.lang.AssertionError: expected [Short Name should contain at most 15 characters.] but found [Short Name Should Contain At Most 15 Characters.]
at com.java.qa.sccm.test.CreateCustomerTest.createCustomerTest(CreateCustomerTest.java:117)
at java.base/java.util.ArrayList.forEach(ArrayList.java:1511)
... Removed 32 stack frames]]>
    </failure>
  </testcase> <!-- createCustomerTest -->
</testsuite> <!-- create customer Test -->
