<html>
<head>
<title>TestNG:  getCustomerData</title>
<link href="../testng.css" rel="stylesheet" type="text/css" />
<link href="../my-testng.css" rel="stylesheet" type="text/css" />

<style type="text/css">
.log { display: none;} 
.stack-trace { display: none;} 
</style>
<script type="text/javascript">
<!--
function flip(e) {
  current = e.style.display;
  if (current == 'block') {
    e.style.display = 'none';
    return 0;
  }
  else {
    e.style.display = 'block';
    return 1;
  }
}

function toggleBox(szDivId, elem, msg1, msg2)
{
  var res = -1;  if (document.getElementById) {
    res = flip(document.getElementById(szDivId));
  }
  else if (document.all) {
    // this is the way old msie versions work
    res = flip(document.all[szDivId]);
  }
  if(elem) {
    if(res == 0) elem.innerHTML = msg1; else elem.innerHTML = msg2;
  }

}

function toggleAllBoxes() {
  if (document.getElementsByTagName) {
    d = document.getElementsByTagName('div');
    for (i = 0; i < d.length; i++) {
      if (d[i].className == 'log') {
        flip(d[i]);
      }
    }
  }
}

// -->
</script>

</head>
<body>
<h2 align='center'>getCustomerData</h2><table border='1' align="center">
<tr>
<td>Tests passed/Failed/Skipped:</td><td>10/8/0</td>
</tr><tr>
<td>Started on:</td><td>Mon Oct 04 18:53:27 IST 2021</td>
</tr>
<tr><td>Total time:</td><td>15 seconds (15283 ms)</td>
</tr><tr>
<td>Included groups:</td><td></td>
</tr><tr>
<td>Excluded groups:</td><td></td>
</tr>
</table><p/>
<small><i>(Hover the method name to see the test class name)</i></small><p/>
<table width='100%' border='1' class='invocation-failed'>
<tr><td colspan='4' align='center'><b>FAILED TESTS</b></td></tr>
<tr><td><b>Test method</b></td>
<td width="30%"><b>Exception</b></td>
<td width="10%"><b>Time (seconds)</b></td>
<td><b>Instance</b></td>
</tr>
<tr>
<td title='com.java.qa.sccm.test.GetCustomerDataTest.validateCustomerData()'><b>validateCustomerData</b><br>Test class: com.java.qa.sccm.test.GetCustomerDataTest<br>Parameters: {TestName=InvalidCustID, Customer_id=123213423453457000}</td>
<td><div><pre>java.lang.AssertionError: expected [5002] but found [5003]
	at com.java.qa.sccm.test.GetCustomerDataTest.validateCustomerData(GetCustomerDataTest.java:85)
	at java.base/java.util.ArrayList.forEach(ArrayList.java:1511)
... Removed 32 stack frames</pre></div><a href='#' onClick='toggleBox("stack-trace196539383", this, "Click to show all stack frames", "Click to hide stack frames")'>Click to show all stack frames</a>
<div class='stack-trace' id='stack-trace196539383'><pre>java.lang.AssertionError: expected [5002] but found [5003]
	at org.testng.Assert.fail(Assert.java:99)
	at org.testng.Assert.failNotEquals(Assert.java:1037)
	at org.testng.Assert.assertEqualsImpl(Assert.java:140)
	at org.testng.Assert.assertEquals(Assert.java:122)
	at org.testng.Assert.assertEquals(Assert.java:617)
	at com.java.qa.sccm.test.GetCustomerDataTest.validateCustomerData(GetCustomerDataTest.java:85)
	at java.base/jdk.internal.reflect.NativeMethodAccessorImpl.invoke0(Native Method)
	at java.base/jdk.internal.reflect.NativeMethodAccessorImpl.invoke(NativeMethodAccessorImpl.java:78)
	at java.base/jdk.internal.reflect.DelegatingMethodAccessorImpl.invoke(DelegatingMethodAccessorImpl.java:43)
	at java.base/java.lang.reflect.Method.invoke(Method.java:567)
	at org.testng.internal.MethodInvocationHelper.invokeMethod(MethodInvocationHelper.java:133)
	at org.testng.internal.TestInvoker.invokeMethod(TestInvoker.java:598)
	at org.testng.internal.TestInvoker.invokeTestMethod(TestInvoker.java:173)
	at org.testng.internal.MethodRunner.runInSequence(MethodRunner.java:46)
	at org.testng.internal.TestInvoker$MethodInvocationAgent.invoke(TestInvoker.java:824)
	at org.testng.internal.TestInvoker.invokeTestMethods(TestInvoker.java:146)
	at org.testng.internal.TestMethodWorker.invokeTestMethods(TestMethodWorker.java:146)
	at org.testng.internal.TestMethodWorker.run(TestMethodWorker.java:128)
	at java.base/java.util.ArrayList.forEach(ArrayList.java:1511)
	at org.testng.TestRunner.privateRun(TestRunner.java:794)
	at org.testng.TestRunner.run(TestRunner.java:596)
	at org.testng.SuiteRunner.runTest(SuiteRunner.java:377)
	at org.testng.SuiteRunner.runSequentially(SuiteRunner.java:371)
	at org.testng.SuiteRunner.privateRun(SuiteRunner.java:332)
	at org.testng.SuiteRunner.run(SuiteRunner.java:276)
	at org.testng.SuiteRunnerWorker.runSuite(SuiteRunnerWorker.java:53)
	at org.testng.SuiteRunnerWorker.run(SuiteRunnerWorker.java:96)
	at org.testng.TestNG.runSuitesSequentially(TestNG.java:1212)
	at org.testng.TestNG.runSuitesLocally(TestNG.java:1134)
	at org.testng.TestNG.runSuites(TestNG.java:1063)
	at org.testng.TestNG.run(TestNG.java:1031)
	at org.testng.remote.AbstractRemoteTestNG.run(AbstractRemoteTestNG.java:115)
	at org.testng.remote.RemoteTestNG.initAndRun(RemoteTestNG.java:251)
	at org.testng.remote.RemoteTestNG.main(RemoteTestNG.java:77)
</pre></div></td>
<td>0</td>
<td>com.java.qa.sccm.test.GetCustomerDataTest@d8305c2</td></tr>
<tr>
<td title='com.java.qa.sccm.test.CreateCustomerTest.createCustomerTest()'><b>createCustomerTest</b><br>Test class: com.java.qa.sccm.test.CreateCustomerTest<br>Parameters: {customer_name=, TestName=BlankCustName, short_name=AutoUser, customer_id=AutoUser}</td>
<td><div><pre>java.lang.AssertionError: expected [customer_name cannot be empty] but found [null]
	at com.java.qa.sccm.test.CreateCustomerTest.createCustomerTest(CreateCustomerTest.java:89)
	at java.base/java.util.ArrayList.forEach(ArrayList.java:1511)
... Removed 32 stack frames</pre></div><a href='#' onClick='toggleBox("stack-trace476631259", this, "Click to show all stack frames", "Click to hide stack frames")'>Click to show all stack frames</a>
<div class='stack-trace' id='stack-trace476631259'><pre>java.lang.AssertionError: expected [customer_name cannot be empty] but found [null]
	at org.testng.Assert.fail(Assert.java:99)
	at org.testng.Assert.failNotEquals(Assert.java:1037)
	at org.testng.Assert.assertEqualsImpl(Assert.java:140)
	at org.testng.Assert.assertEquals(Assert.java:122)
	at org.testng.Assert.assertEquals(Assert.java:617)
	at com.java.qa.sccm.test.CreateCustomerTest.createCustomerTest(CreateCustomerTest.java:89)
	at java.base/jdk.internal.reflect.NativeMethodAccessorImpl.invoke0(Native Method)
	at java.base/jdk.internal.reflect.NativeMethodAccessorImpl.invoke(NativeMethodAccessorImpl.java:78)
	at java.base/jdk.internal.reflect.DelegatingMethodAccessorImpl.invoke(DelegatingMethodAccessorImpl.java:43)
	at java.base/java.lang.reflect.Method.invoke(Method.java:567)
	at org.testng.internal.MethodInvocationHelper.invokeMethod(MethodInvocationHelper.java:133)
	at org.testng.internal.TestInvoker.invokeMethod(TestInvoker.java:598)
	at org.testng.internal.TestInvoker.invokeTestMethod(TestInvoker.java:173)
	at org.testng.internal.MethodRunner.runInSequence(MethodRunner.java:46)
	at org.testng.internal.TestInvoker$MethodInvocationAgent.invoke(TestInvoker.java:824)
	at org.testng.internal.TestInvoker.invokeTestMethods(TestInvoker.java:146)
	at org.testng.internal.TestMethodWorker.invokeTestMethods(TestMethodWorker.java:146)
	at org.testng.internal.TestMethodWorker.run(TestMethodWorker.java:128)
	at java.base/java.util.ArrayList.forEach(ArrayList.java:1511)
	at org.testng.TestRunner.privateRun(TestRunner.java:794)
	at org.testng.TestRunner.run(TestRunner.java:596)
	at org.testng.SuiteRunner.runTest(SuiteRunner.java:377)
	at org.testng.SuiteRunner.runSequentially(SuiteRunner.java:371)
	at org.testng.SuiteRunner.privateRun(SuiteRunner.java:332)
	at org.testng.SuiteRunner.run(SuiteRunner.java:276)
	at org.testng.SuiteRunnerWorker.runSuite(SuiteRunnerWorker.java:53)
	at org.testng.SuiteRunnerWorker.run(SuiteRunnerWorker.java:96)
	at org.testng.TestNG.runSuitesSequentially(TestNG.java:1212)
	at org.testng.TestNG.runSuitesLocally(TestNG.java:1134)
	at org.testng.TestNG.runSuites(TestNG.java:1063)
	at org.testng.TestNG.run(TestNG.java:1031)
	at org.testng.remote.AbstractRemoteTestNG.run(AbstractRemoteTestNG.java:115)
	at org.testng.remote.RemoteTestNG.initAndRun(RemoteTestNG.java:251)
	at org.testng.remote.RemoteTestNG.main(RemoteTestNG.java:77)
</pre></div></td>
<td>0</td>
<td>com.java.qa.sccm.test.CreateCustomerTest@338494fa</td></tr>
<tr>
<td title='com.java.qa.sccm.test.CreateCustomerTest.createCustomerTest()'><b>createCustomerTest</b><br>Test class: com.java.qa.sccm.test.CreateCustomerTest<br>Parameters: {customer_name=1.232143254E9, TestName=InvalidCustName, short_name=AutoUser, customer_id=AutoUser}</td>
<td><div><pre>java.lang.AssertionError: expected [Kindly provide valid values of customer_name] but found [null]
	at com.java.qa.sccm.test.CreateCustomerTest.createCustomerTest(CreateCustomerTest.java:94)
	at java.base/java.util.ArrayList.forEach(ArrayList.java:1511)
... Removed 32 stack frames</pre></div><a href='#' onClick='toggleBox("stack-trace1296277943", this, "Click to show all stack frames", "Click to hide stack frames")'>Click to show all stack frames</a>
<div class='stack-trace' id='stack-trace1296277943'><pre>java.lang.AssertionError: expected [Kindly provide valid values of customer_name] but found [null]
	at org.testng.Assert.fail(Assert.java:99)
	at org.testng.Assert.failNotEquals(Assert.java:1037)
	at org.testng.Assert.assertEqualsImpl(Assert.java:140)
	at org.testng.Assert.assertEquals(Assert.java:122)
	at org.testng.Assert.assertEquals(Assert.java:617)
	at com.java.qa.sccm.test.CreateCustomerTest.createCustomerTest(CreateCustomerTest.java:94)
	at java.base/jdk.internal.reflect.NativeMethodAccessorImpl.invoke0(Native Method)
	at java.base/jdk.internal.reflect.NativeMethodAccessorImpl.invoke(NativeMethodAccessorImpl.java:78)
	at java.base/jdk.internal.reflect.DelegatingMethodAccessorImpl.invoke(DelegatingMethodAccessorImpl.java:43)
	at java.base/java.lang.reflect.Method.invoke(Method.java:567)
	at org.testng.internal.MethodInvocationHelper.invokeMethod(MethodInvocationHelper.java:133)
	at org.testng.internal.TestInvoker.invokeMethod(TestInvoker.java:598)
	at org.testng.internal.TestInvoker.invokeTestMethod(TestInvoker.java:173)
	at org.testng.internal.MethodRunner.runInSequence(MethodRunner.java:46)
	at org.testng.internal.TestInvoker$MethodInvocationAgent.invoke(TestInvoker.java:824)
	at org.testng.internal.TestInvoker.invokeTestMethods(TestInvoker.java:146)
	at org.testng.internal.TestMethodWorker.invokeTestMethods(TestMethodWorker.java:146)
	at org.testng.internal.TestMethodWorker.run(TestMethodWorker.java:128)
	at java.base/java.util.ArrayList.forEach(ArrayList.java:1511)
	at org.testng.TestRunner.privateRun(TestRunner.java:794)
	at org.testng.TestRunner.run(TestRunner.java:596)
	at org.testng.SuiteRunner.runTest(SuiteRunner.java:377)
	at org.testng.SuiteRunner.runSequentially(SuiteRunner.java:371)
	at org.testng.SuiteRunner.privateRun(SuiteRunner.java:332)
	at org.testng.SuiteRunner.run(SuiteRunner.java:276)
	at org.testng.SuiteRunnerWorker.runSuite(SuiteRunnerWorker.java:53)
	at org.testng.SuiteRunnerWorker.run(SuiteRunnerWorker.java:96)
	at org.testng.TestNG.runSuitesSequentially(TestNG.java:1212)
	at org.testng.TestNG.runSuitesLocally(TestNG.java:1134)
	at org.testng.TestNG.runSuites(TestNG.java:1063)
	at org.testng.TestNG.run(TestNG.java:1031)
	at org.testng.remote.AbstractRemoteTestNG.run(AbstractRemoteTestNG.java:115)
	at org.testng.remote.RemoteTestNG.initAndRun(RemoteTestNG.java:251)
	at org.testng.remote.RemoteTestNG.main(RemoteTestNG.java:77)
</pre></div></td>
<td>0</td>
<td>com.java.qa.sccm.test.CreateCustomerTest@338494fa</td></tr>
<tr>
<td title='com.java.qa.sccm.test.CreateCustomerTest.createCustomerTest()'><b>createCustomerTest</b><br>Test class: com.java.qa.sccm.test.CreateCustomerTest<br>Parameters: {customer_name=AutomationUser, TestName=BlankCustID, short_name=AutoUser, customer_id=}</td>
<td><div><pre>java.lang.AssertionError: expected [customer_id cannot be empty] but found [null]
	at com.java.qa.sccm.test.CreateCustomerTest.createCustomerTest(CreateCustomerTest.java:99)
	at java.base/java.util.ArrayList.forEach(ArrayList.java:1511)
... Removed 32 stack frames</pre></div><a href='#' onClick='toggleBox("stack-trace1905699057", this, "Click to show all stack frames", "Click to hide stack frames")'>Click to show all stack frames</a>
<div class='stack-trace' id='stack-trace1905699057'><pre>java.lang.AssertionError: expected [customer_id cannot be empty] but found [null]
	at org.testng.Assert.fail(Assert.java:99)
	at org.testng.Assert.failNotEquals(Assert.java:1037)
	at org.testng.Assert.assertEqualsImpl(Assert.java:140)
	at org.testng.Assert.assertEquals(Assert.java:122)
	at org.testng.Assert.assertEquals(Assert.java:617)
	at com.java.qa.sccm.test.CreateCustomerTest.createCustomerTest(CreateCustomerTest.java:99)
	at java.base/jdk.internal.reflect.NativeMethodAccessorImpl.invoke0(Native Method)
	at java.base/jdk.internal.reflect.NativeMethodAccessorImpl.invoke(NativeMethodAccessorImpl.java:78)
	at java.base/jdk.internal.reflect.DelegatingMethodAccessorImpl.invoke(DelegatingMethodAccessorImpl.java:43)
	at java.base/java.lang.reflect.Method.invoke(Method.java:567)
	at org.testng.internal.MethodInvocationHelper.invokeMethod(MethodInvocationHelper.java:133)
	at org.testng.internal.TestInvoker.invokeMethod(TestInvoker.java:598)
	at org.testng.internal.TestInvoker.invokeTestMethod(TestInvoker.java:173)
	at org.testng.internal.MethodRunner.runInSequence(MethodRunner.java:46)
	at org.testng.internal.TestInvoker$MethodInvocationAgent.invoke(TestInvoker.java:824)
	at org.testng.internal.TestInvoker.invokeTestMethods(TestInvoker.java:146)
	at org.testng.internal.TestMethodWorker.invokeTestMethods(TestMethodWorker.java:146)
	at org.testng.internal.TestMethodWorker.run(TestMethodWorker.java:128)
	at java.base/java.util.ArrayList.forEach(ArrayList.java:1511)
	at org.testng.TestRunner.privateRun(TestRunner.java:794)
	at org.testng.TestRunner.run(TestRunner.java:596)
	at org.testng.SuiteRunner.runTest(SuiteRunner.java:377)
	at org.testng.SuiteRunner.runSequentially(SuiteRunner.java:371)
	at org.testng.SuiteRunner.privateRun(SuiteRunner.java:332)
	at org.testng.SuiteRunner.run(SuiteRunner.java:276)
	at org.testng.SuiteRunnerWorker.runSuite(SuiteRunnerWorker.java:53)
	at org.testng.SuiteRunnerWorker.run(SuiteRunnerWorker.java:96)
	at org.testng.TestNG.runSuitesSequentially(TestNG.java:1212)
	at org.testng.TestNG.runSuitesLocally(TestNG.java:1134)
	at org.testng.TestNG.runSuites(TestNG.java:1063)
	at org.testng.TestNG.run(TestNG.java:1031)
	at org.testng.remote.AbstractRemoteTestNG.run(AbstractRemoteTestNG.java:115)
	at org.testng.remote.RemoteTestNG.initAndRun(RemoteTestNG.java:251)
	at org.testng.remote.RemoteTestNG.main(RemoteTestNG.java:77)
</pre></div></td>
<td>0</td>
<td>com.java.qa.sccm.test.CreateCustomerTest@338494fa</td></tr>
<tr>
<td title='com.java.qa.sccm.test.CreateCustomerTest.createCustomerTest()'><b>createCustomerTest</b><br>Test class: com.java.qa.sccm.test.CreateCustomerTest<br>Parameters: {customer_name=AutomationUser, TestName=BlankShortName, short_name=, customer_id=AutoUser}</td>
<td><div><pre>java.lang.AssertionError: expected [short_name cannot be empty] but found [null]
	at com.java.qa.sccm.test.CreateCustomerTest.createCustomerTest(CreateCustomerTest.java:109)
	at java.base/java.util.ArrayList.forEach(ArrayList.java:1511)
... Removed 32 stack frames</pre></div><a href='#' onClick='toggleBox("stack-trace113676940", this, "Click to show all stack frames", "Click to hide stack frames")'>Click to show all stack frames</a>
<div class='stack-trace' id='stack-trace113676940'><pre>java.lang.AssertionError: expected [short_name cannot be empty] but found [null]
	at org.testng.Assert.fail(Assert.java:99)
	at org.testng.Assert.failNotEquals(Assert.java:1037)
	at org.testng.Assert.assertEqualsImpl(Assert.java:140)
	at org.testng.Assert.assertEquals(Assert.java:122)
	at org.testng.Assert.assertEquals(Assert.java:617)
	at com.java.qa.sccm.test.CreateCustomerTest.createCustomerTest(CreateCustomerTest.java:109)
	at java.base/jdk.internal.reflect.NativeMethodAccessorImpl.invoke0(Native Method)
	at java.base/jdk.internal.reflect.NativeMethodAccessorImpl.invoke(NativeMethodAccessorImpl.java:78)
	at java.base/jdk.internal.reflect.DelegatingMethodAccessorImpl.invoke(DelegatingMethodAccessorImpl.java:43)
	at java.base/java.lang.reflect.Method.invoke(Method.java:567)
	at org.testng.internal.MethodInvocationHelper.invokeMethod(MethodInvocationHelper.java:133)
	at org.testng.internal.TestInvoker.invokeMethod(TestInvoker.java:598)
	at org.testng.internal.TestInvoker.invokeTestMethod(TestInvoker.java:173)
	at org.testng.internal.MethodRunner.runInSequence(MethodRunner.java:46)
	at org.testng.internal.TestInvoker$MethodInvocationAgent.invoke(TestInvoker.java:824)
	at org.testng.internal.TestInvoker.invokeTestMethods(TestInvoker.java:146)
	at org.testng.internal.TestMethodWorker.invokeTestMethods(TestMethodWorker.java:146)
	at org.testng.internal.TestMethodWorker.run(TestMethodWorker.java:128)
	at java.base/java.util.ArrayList.forEach(ArrayList.java:1511)
	at org.testng.TestRunner.privateRun(TestRunner.java:794)
	at org.testng.TestRunner.run(TestRunner.java:596)
	at org.testng.SuiteRunner.runTest(SuiteRunner.java:377)
	at org.testng.SuiteRunner.runSequentially(SuiteRunner.java:371)
	at org.testng.SuiteRunner.privateRun(SuiteRunner.java:332)
	at org.testng.SuiteRunner.run(SuiteRunner.java:276)
	at org.testng.SuiteRunnerWorker.runSuite(SuiteRunnerWorker.java:53)
	at org.testng.SuiteRunnerWorker.run(SuiteRunnerWorker.java:96)
	at org.testng.TestNG.runSuitesSequentially(TestNG.java:1212)
	at org.testng.TestNG.runSuitesLocally(TestNG.java:1134)
	at org.testng.TestNG.runSuites(TestNG.java:1063)
	at org.testng.TestNG.run(TestNG.java:1031)
	at org.testng.remote.AbstractRemoteTestNG.run(AbstractRemoteTestNG.java:115)
	at org.testng.remote.RemoteTestNG.initAndRun(RemoteTestNG.java:251)
	at org.testng.remote.RemoteTestNG.main(RemoteTestNG.java:77)
</pre></div></td>
<td>0</td>
<td>com.java.qa.sccm.test.CreateCustomerTest@338494fa</td></tr>
<tr>
<td title='com.java.qa.sccm.test.serviceDeploy.Step1Test.ValidationStep1()'><b>ValidationStep1</b><br>Test class: com.java.qa.sccm.test.serviceDeploy.Step1Test<br>Parameters: {adlType=FALSE, TestName=validData, portUD=No, qos=FALSE, endPointCount=1, customerId=10034567, seriverOrderId=1.1.1.1}</td>
<td><div><pre>java.lang.AssertionError: expected [6001] but found [6001]
	at com.java.qa.sccm.test.serviceDeploy.Step1Test.ValidationStep1(Step1Test.java:79)
	at java.base/java.util.ArrayList.forEach(ArrayList.java:1511)
... Removed 32 stack frames</pre></div><a href='#' onClick='toggleBox("stack-trace855894174", this, "Click to show all stack frames", "Click to hide stack frames")'>Click to show all stack frames</a>
<div class='stack-trace' id='stack-trace855894174'><pre>java.lang.AssertionError: expected [6001] but found [6001]
	at org.testng.Assert.fail(Assert.java:99)
	at org.testng.Assert.failNotEquals(Assert.java:1037)
	at org.testng.Assert.assertEqualsImpl(Assert.java:140)
	at org.testng.Assert.assertEquals(Assert.java:122)
	at org.testng.Assert.assertEquals(Assert.java:617)
	at com.java.qa.sccm.test.serviceDeploy.Step1Test.ValidationStep1(Step1Test.java:79)
	at java.base/jdk.internal.reflect.NativeMethodAccessorImpl.invoke0(Native Method)
	at java.base/jdk.internal.reflect.NativeMethodAccessorImpl.invoke(NativeMethodAccessorImpl.java:78)
	at java.base/jdk.internal.reflect.DelegatingMethodAccessorImpl.invoke(DelegatingMethodAccessorImpl.java:43)
	at java.base/java.lang.reflect.Method.invoke(Method.java:567)
	at org.testng.internal.MethodInvocationHelper.invokeMethod(MethodInvocationHelper.java:133)
	at org.testng.internal.TestInvoker.invokeMethod(TestInvoker.java:598)
	at org.testng.internal.TestInvoker.invokeTestMethod(TestInvoker.java:173)
	at org.testng.internal.MethodRunner.runInSequence(MethodRunner.java:46)
	at org.testng.internal.TestInvoker$MethodInvocationAgent.invoke(TestInvoker.java:824)
	at org.testng.internal.TestInvoker.invokeTestMethods(TestInvoker.java:146)
	at org.testng.internal.TestMethodWorker.invokeTestMethods(TestMethodWorker.java:146)
	at org.testng.internal.TestMethodWorker.run(TestMethodWorker.java:128)
	at java.base/java.util.ArrayList.forEach(ArrayList.java:1511)
	at org.testng.TestRunner.privateRun(TestRunner.java:794)
	at org.testng.TestRunner.run(TestRunner.java:596)
	at org.testng.SuiteRunner.runTest(SuiteRunner.java:377)
	at org.testng.SuiteRunner.runSequentially(SuiteRunner.java:371)
	at org.testng.SuiteRunner.privateRun(SuiteRunner.java:332)
	at org.testng.SuiteRunner.run(SuiteRunner.java:276)
	at org.testng.SuiteRunnerWorker.runSuite(SuiteRunnerWorker.java:53)
	at org.testng.SuiteRunnerWorker.run(SuiteRunnerWorker.java:96)
	at org.testng.TestNG.runSuitesSequentially(TestNG.java:1212)
	at org.testng.TestNG.runSuitesLocally(TestNG.java:1134)
	at org.testng.TestNG.runSuites(TestNG.java:1063)
	at org.testng.TestNG.run(TestNG.java:1031)
	at org.testng.remote.AbstractRemoteTestNG.run(AbstractRemoteTestNG.java:115)
	at org.testng.remote.RemoteTestNG.initAndRun(RemoteTestNG.java:251)
	at org.testng.remote.RemoteTestNG.main(RemoteTestNG.java:77)
</pre></div></td>
<td>0</td>
<td>com.java.qa.sccm.test.serviceDeploy.Step1Test@40499e4f</td></tr>
<tr>
<td title='com.java.qa.sccm.test.CreateCustomerTest.createCustomerTest()'><b>createCustomerTest</b><br>Test class: com.java.qa.sccm.test.CreateCustomerTest<br>Parameters: {customer_name=AutomationUser, TestName=InvalidCustID, short_name=AutoUser, customer_id=1.231231132E9}</td>
<td><div><pre>java.lang.AssertionError: expected [Kindly provide valid values of customer_id] but found [null]
	at com.java.qa.sccm.test.CreateCustomerTest.createCustomerTest(CreateCustomerTest.java:104)
	at java.base/java.util.ArrayList.forEach(ArrayList.java:1511)
... Removed 32 stack frames</pre></div><a href='#' onClick='toggleBox("stack-trace1583992583", this, "Click to show all stack frames", "Click to hide stack frames")'>Click to show all stack frames</a>
<div class='stack-trace' id='stack-trace1583992583'><pre>java.lang.AssertionError: expected [Kindly provide valid values of customer_id] but found [null]
	at org.testng.Assert.fail(Assert.java:99)
	at org.testng.Assert.failNotEquals(Assert.java:1037)
	at org.testng.Assert.assertEqualsImpl(Assert.java:140)
	at org.testng.Assert.assertEquals(Assert.java:122)
	at org.testng.Assert.assertEquals(Assert.java:617)
	at com.java.qa.sccm.test.CreateCustomerTest.createCustomerTest(CreateCustomerTest.java:104)
	at java.base/jdk.internal.reflect.NativeMethodAccessorImpl.invoke0(Native Method)
	at java.base/jdk.internal.reflect.NativeMethodAccessorImpl.invoke(NativeMethodAccessorImpl.java:78)
	at java.base/jdk.internal.reflect.DelegatingMethodAccessorImpl.invoke(DelegatingMethodAccessorImpl.java:43)
	at java.base/java.lang.reflect.Method.invoke(Method.java:567)
	at org.testng.internal.MethodInvocationHelper.invokeMethod(MethodInvocationHelper.java:133)
	at org.testng.internal.TestInvoker.invokeMethod(TestInvoker.java:598)
	at org.testng.internal.TestInvoker.invokeTestMethod(TestInvoker.java:173)
	at org.testng.internal.MethodRunner.runInSequence(MethodRunner.java:46)
	at org.testng.internal.TestInvoker$MethodInvocationAgent.invoke(TestInvoker.java:824)
	at org.testng.internal.TestInvoker.invokeTestMethods(TestInvoker.java:146)
	at org.testng.internal.TestMethodWorker.invokeTestMethods(TestMethodWorker.java:146)
	at org.testng.internal.TestMethodWorker.run(TestMethodWorker.java:128)
	at java.base/java.util.ArrayList.forEach(ArrayList.java:1511)
	at org.testng.TestRunner.privateRun(TestRunner.java:794)
	at org.testng.TestRunner.run(TestRunner.java:596)
	at org.testng.SuiteRunner.runTest(SuiteRunner.java:377)
	at org.testng.SuiteRunner.runSequentially(SuiteRunner.java:371)
	at org.testng.SuiteRunner.privateRun(SuiteRunner.java:332)
	at org.testng.SuiteRunner.run(SuiteRunner.java:276)
	at org.testng.SuiteRunnerWorker.runSuite(SuiteRunnerWorker.java:53)
	at org.testng.SuiteRunnerWorker.run(SuiteRunnerWorker.java:96)
	at org.testng.TestNG.runSuitesSequentially(TestNG.java:1212)
	at org.testng.TestNG.runSuitesLocally(TestNG.java:1134)
	at org.testng.TestNG.runSuites(TestNG.java:1063)
	at org.testng.TestNG.run(TestNG.java:1031)
	at org.testng.remote.AbstractRemoteTestNG.run(AbstractRemoteTestNG.java:115)
	at org.testng.remote.RemoteTestNG.initAndRun(RemoteTestNG.java:251)
	at org.testng.remote.RemoteTestNG.main(RemoteTestNG.java:77)
</pre></div></td>
<td>0</td>
<td>com.java.qa.sccm.test.CreateCustomerTest@338494fa</td></tr>
<tr>
<td title='com.java.qa.sccm.test.CreateCustomerTest.createCustomerTest()'><b>createCustomerTest</b><br>Test class: com.java.qa.sccm.test.CreateCustomerTest<br>Parameters: {customer_name=AutomationUser, TestName=ShortNameRangeHigh, short_name=AutoUserTesting12345, customer_id=AutoUser}</td>
<td><div><pre>java.lang.AssertionError: expected [Short Name should contain at most 15 characters.] but found [Short Name Should Contain At Most 15 Characters.]
	at com.java.qa.sccm.test.CreateCustomerTest.createCustomerTest(CreateCustomerTest.java:114)
	at java.base/java.util.ArrayList.forEach(ArrayList.java:1511)
... Removed 32 stack frames</pre></div><a href='#' onClick='toggleBox("stack-trace801783477", this, "Click to show all stack frames", "Click to hide stack frames")'>Click to show all stack frames</a>
<div class='stack-trace' id='stack-trace801783477'><pre>java.lang.AssertionError: expected [Short Name should contain at most 15 characters.] but found [Short Name Should Contain At Most 15 Characters.]
	at org.testng.Assert.fail(Assert.java:99)
	at org.testng.Assert.failNotEquals(Assert.java:1037)
	at org.testng.Assert.assertEqualsImpl(Assert.java:140)
	at org.testng.Assert.assertEquals(Assert.java:122)
	at org.testng.Assert.assertEquals(Assert.java:617)
	at com.java.qa.sccm.test.CreateCustomerTest.createCustomerTest(CreateCustomerTest.java:114)
	at java.base/jdk.internal.reflect.NativeMethodAccessorImpl.invoke0(Native Method)
	at java.base/jdk.internal.reflect.NativeMethodAccessorImpl.invoke(NativeMethodAccessorImpl.java:78)
	at java.base/jdk.internal.reflect.DelegatingMethodAccessorImpl.invoke(DelegatingMethodAccessorImpl.java:43)
	at java.base/java.lang.reflect.Method.invoke(Method.java:567)
	at org.testng.internal.MethodInvocationHelper.invokeMethod(MethodInvocationHelper.java:133)
	at org.testng.internal.TestInvoker.invokeMethod(TestInvoker.java:598)
	at org.testng.internal.TestInvoker.invokeTestMethod(TestInvoker.java:173)
	at org.testng.internal.MethodRunner.runInSequence(MethodRunner.java:46)
	at org.testng.internal.TestInvoker$MethodInvocationAgent.invoke(TestInvoker.java:824)
	at org.testng.internal.TestInvoker.invokeTestMethods(TestInvoker.java:146)
	at org.testng.internal.TestMethodWorker.invokeTestMethods(TestMethodWorker.java:146)
	at org.testng.internal.TestMethodWorker.run(TestMethodWorker.java:128)
	at java.base/java.util.ArrayList.forEach(ArrayList.java:1511)
	at org.testng.TestRunner.privateRun(TestRunner.java:794)
	at org.testng.TestRunner.run(TestRunner.java:596)
	at org.testng.SuiteRunner.runTest(SuiteRunner.java:377)
	at org.testng.SuiteRunner.runSequentially(SuiteRunner.java:371)
	at org.testng.SuiteRunner.privateRun(SuiteRunner.java:332)
	at org.testng.SuiteRunner.run(SuiteRunner.java:276)
	at org.testng.SuiteRunnerWorker.runSuite(SuiteRunnerWorker.java:53)
	at org.testng.SuiteRunnerWorker.run(SuiteRunnerWorker.java:96)
	at org.testng.TestNG.runSuitesSequentially(TestNG.java:1212)
	at org.testng.TestNG.runSuitesLocally(TestNG.java:1134)
	at org.testng.TestNG.runSuites(TestNG.java:1063)
	at org.testng.TestNG.run(TestNG.java:1031)
	at org.testng.remote.AbstractRemoteTestNG.run(AbstractRemoteTestNG.java:115)
	at org.testng.remote.RemoteTestNG.initAndRun(RemoteTestNG.java:251)
	at org.testng.remote.RemoteTestNG.main(RemoteTestNG.java:77)
</pre></div></td>
<td>0</td>
<td>com.java.qa.sccm.test.CreateCustomerTest@338494fa</td></tr>
</table><p>
<table width='100%' border='1' class='invocation-passed'>
<tr><td colspan='4' align='center'><b>PASSED TESTS</b></td></tr>
<tr><td><b>Test method</b></td>
<td width="30%"><b>Exception</b></td>
<td width="10%"><b>Time (seconds)</b></td>
<td><b>Instance</b></td>
</tr>
<tr>
<td title='com.java.qa.sccm.test.CreateCustomerTest.createCustomerTest()'><b>createCustomerTest</b><br>Test class: com.java.qa.sccm.test.CreateCustomerTest<br>Parameters: {customer_name=AutomationUser, TestName=ValidData, short_name=AutoUser, customer_id=AutoUser}<br/>
<a href="#Output-1421940560" onClick='toggleBox("Output-1421940560", this, "Show output", "Hide output");'>Show output</a>

<a href="#Output-1421940560" onClick="toggleAllBoxes();">Show all outputs</a>
<div class='log' id="Output-1421940560">
 Create Customer functionality <br/>
http://173.37.21.174/SCCM/sccm_api/web/api/v1/login<br/>
Status code : 200<br/>
Response message : {status_code=1001, sub_status_code=1001, message=Customer Created Successfully, data={customer_id=AutoUser974667}, app_data=[]}<br/>
</div>
</td>
<td></td>
<td>0</td>
<td>com.java.qa.sccm.test.CreateCustomerTest@338494fa</td></tr>
<tr>
<td title='com.java.qa.sccm.test.LoginTest.loginTestValidation()'><b>loginTestValidation</b><br>Test class: com.java.qa.sccm.test.LoginTest<br>Test method: Verify sign in functionality<br>Parameters: {TestName=LoginTest, Password=Test@321, UserName=admin}<br/>
<a href="#Output-1965282721" onClick='toggleBox("Output-1965282721", this, "Show output", "Hide output");'>Show output</a>

<a href="#Output-1965282721" onClick="toggleAllBoxes();">Show all outputs</a>
<div class='log' id="Output-1965282721">
 Login functionality <br/>
http://173.37.21.174/SCCM/sccm_api/web/api/v1/login<br/>
Status code : 200<br/>
Response message : {status=true, message=Data retrieval successfully, token_type=Bearer, access_token=eyJ0eXAiOiJKV1QiLCJhbGciOiJIUzI1NiJ9.eyJpc3MiOiJodHRwOlwvXC8xNzMuMzcuMjEuMTc0IiwiYXVkIjoiaHR0cDpcL1wvMTczLjM3LjIxLjE3NCIsImlhdCI6MTYzMzM1MzgwOSwibmJmIjoxNjMzMzUzODA5LCJleHAiOjE2MzMzNTc0MDksImp0aSI6Ijc5Rm0zRFhBbm9WbHJJRk00R1BzUXRMcER3SUYwUzlOIn0.bts5Ez9zr6R51AVdWe_DwdakrLKYLc7yOFJiUvp-L4Q}<br/>
</div>
</td>
<td></td>
<td>2</td>
<td>com.java.qa.sccm.test.LoginTest@fb9c7aa</td></tr>
<tr>
<td title='com.java.qa.sccm.test.GetCustomerDataTest.validateCustomerData()'><b>validateCustomerData</b><br>Test class: com.java.qa.sccm.test.GetCustomerDataTest<br>Parameters: {TestName=ValidData, Customer_id=967572}<br/>
<a href="#Output-1634001207" onClick='toggleBox("Output-1634001207", this, "Show output", "Hide output");'>Show output</a>

<a href="#Output-1634001207" onClick="toggleAllBoxes();">Show all outputs</a>
<div class='log' id="Output-1634001207">
 Get Customer Data Test <br/>
http://173.37.21.174/SCCM/sccm_api/web/api/v1/customers?customer_id=<br/>
Status code : 200<br/>
Response message : {status_code=1004, sub_status_code=1004, message=Customer Data Retrieval Successfully, data={customer_id=967572, customer_name=NEWAPI435, services=[]}, app_data=[]}<br/>
</div>
</td>
<td></td>
<td>0</td>
<td>com.java.qa.sccm.test.GetCustomerDataTest@d8305c2</td></tr>
<tr>
<td title='com.java.qa.sccm.test.GetCustomerDataTest.validateCustomerData()'><b>validateCustomerData</b><br>Test class: com.java.qa.sccm.test.GetCustomerDataTest<br>Parameters: {TestName=BlankCustID, Customer_id=}<br/>
<a href="#Output-227972178" onClick='toggleBox("Output-227972178", this, "Show output", "Hide output");'>Show output</a>

<a href="#Output-227972178" onClick="toggleAllBoxes();">Show all outputs</a>
<div class='log' id="Output-227972178">
 Get Customer Data Test <br/>
http://173.37.21.174/SCCM/sccm_api/web/api/v1/customers?customer_id=<br/>
Status code : 200<br/>
Response message : {status_code=5000, sub_status_code=5003, error=Customer Resource Not Found, data=[], app_data=[]}<br/>
</div>
</td>
<td></td>
<td>0</td>
<td>com.java.qa.sccm.test.GetCustomerDataTest@d8305c2</td></tr>
<tr>
<td title='com.java.qa.sccm.test.UpdateCustomerTest.updateCustomerData()'><b>updateCustomerData</b><br>Test class: com.java.qa.sccm.test.UpdateCustomerTest<br>Parameters: {TestName=InvalidCustID, Customer_id=!@#!#$%$#}<br/>
<a href="#Output-1159206653" onClick='toggleBox("Output-1159206653", this, "Show output", "Hide output");'>Show output</a>

<a href="#Output-1159206653" onClick="toggleAllBoxes();">Show all outputs</a>
<div class='log' id="Output-1159206653">
 update Customer Data Test <br/>
http://173.37.21.174/SCCM/sccm_api/web/api/v1/customers?customer_id=<br/>
Status code : 200<br/>
Response message : {status_code=5000, sub_status_code=5001, error=Customer Resource Not Found, data=[], app_data=[]}<br/>
</div>
</td>
<td></td>
<td>0</td>
<td>com.java.qa.sccm.test.UpdateCustomerTest@1c7fd41f</td></tr>
<tr>
<td title='com.java.qa.sccm.test.DeleteCustomerTest.ValidateDeleteCustomer()'><b>ValidateDeleteCustomer</b><br>Test class: com.java.qa.sccm.test.DeleteCustomerTest<br>Parameters: {TestName=InvalidCustID, Customer_id=!@#!#$%$#}</td>
<td></td>
<td>1</td>
<td>com.java.qa.sccm.test.DeleteCustomerTest@37b70343</td></tr>
<tr>
<td title='com.java.qa.sccm.test.UpdateCustomerTest.updateCustomerData()'><b>updateCustomerData</b><br>Test class: com.java.qa.sccm.test.UpdateCustomerTest<br>Parameters: {TestName=BlankCustID, Customer_id=}<br/>
<a href="#Output-674925270" onClick='toggleBox("Output-674925270", this, "Show output", "Hide output");'>Show output</a>

<a href="#Output-674925270" onClick="toggleAllBoxes();">Show all outputs</a>
<div class='log' id="Output-674925270">
 update Customer Data Test <br/>
http://173.37.21.174/SCCM/sccm_api/web/api/v1/customers?customer_id=<br/>
Status code : 200<br/>
Response message : {status_code=5000, sub_status_code=5001, error=Customer Resource Not Found, data=[], app_data=[]}<br/>
</div>
</td>
<td></td>
<td>0</td>
<td>com.java.qa.sccm.test.UpdateCustomerTest@1c7fd41f</td></tr>
<tr>
<td title='com.java.qa.sccm.test.DeleteCustomerTest.ValidateDeleteCustomer()'><b>ValidateDeleteCustomer</b><br>Test class: com.java.qa.sccm.test.DeleteCustomerTest<br>Parameters: {TestName=validData, Customer_id=967572}</td>
<td></td>
<td>1</td>
<td>com.java.qa.sccm.test.DeleteCustomerTest@37b70343</td></tr>
<tr>
<td title='com.java.qa.sccm.test.DeleteCustomerTest.ValidateDeleteCustomer()'><b>ValidateDeleteCustomer</b><br>Test class: com.java.qa.sccm.test.DeleteCustomerTest<br>Parameters: {TestName=BlankCustID, Customer_id=}</td>
<td></td>
<td>1</td>
<td>com.java.qa.sccm.test.DeleteCustomerTest@37b70343</td></tr>
<tr>
<td title='com.java.qa.sccm.test.UpdateCustomerTest.updateCustomerData()'><b>updateCustomerData</b><br>Test class: com.java.qa.sccm.test.UpdateCustomerTest<br>Parameters: {TestName=validData, Customer_id=967572}<br/>
<a href="#Output-1819028083" onClick='toggleBox("Output-1819028083", this, "Show output", "Hide output");'>Show output</a>

<a href="#Output-1819028083" onClick="toggleAllBoxes();">Show all outputs</a>
<div class='log' id="Output-1819028083">
 update Customer Data Test <br/>
http://173.37.21.174/SCCM/sccm_api/web/api/v1/customers?customer_id=<br/>
Status code : 200<br/>
Response message : {status_code=1002, sub_status_code=1002, message=Updated Successfully, data={customer_id=967572}, app_data=[]}<br/>
</div>
</td>
<td></td>
<td>0</td>
<td>com.java.qa.sccm.test.UpdateCustomerTest@1c7fd41f</td></tr>
</table><p>
</body>
</html>