<html>
<head>
<title>TestNG:  SCCM API Sanity test</title>
<link href="../testng.css" rel="stylesheet" type="text/css" />
<link href="../my-testng.css" rel="stylesheet" type="text/css" />

<style type="text/css">
.log { display: none;} 
.stack-trace { display: none;} 
</style>
<script type="text/javascript">
<!--
function flip(e) {
  current = e.style.display;
  if (current == 'block') {
    e.style.display = 'none';
    return 0;
  }
  else {
    e.style.display = 'block';
    return 1;
  }
}

function toggleBox(szDivId, elem, msg1, msg2)
{
  var res = -1;  if (document.getElementById) {
    res = flip(document.getElementById(szDivId));
  }
  else if (document.all) {
    // this is the way old msie versions work
    res = flip(document.all[szDivId]);
  }
  if(elem) {
    if(res == 0) elem.innerHTML = msg1; else elem.innerHTML = msg2;
  }

}

function toggleAllBoxes() {
  if (document.getElementsByTagName) {
    d = document.getElementsByTagName('div');
    for (i = 0; i < d.length; i++) {
      if (d[i].className == 'log') {
        flip(d[i]);
      }
    }
  }
}

// -->
</script>

</head>
<body>
<h2 align='center'>SCCM API Sanity test</h2><table border='1' align="center">
<tr>
<td>Tests passed/Failed/Skipped:</td><td>10/9/0</td>
</tr><tr>
<td>Started on:</td><td>Sat Oct 09 17:12:01 IST 2021</td>
</tr>
<tr><td>Total time:</td><td>23 seconds (23657 ms)</td>
</tr><tr>
<td>Included groups:</td><td></td>
</tr><tr>
<td>Excluded groups:</td><td></td>
</tr>
</table><p/>
<small><i>(Hover the method name to see the test class name)</i></small><p/>
<table width='100%' border='1' class='invocation-failed'>
<tr><td colspan='4' align='center'><b>FAILED TESTS</b></td></tr>
<tr><td><b>Test method</b></td>
<td width="30%"><b>Exception</b></td>
<td width="10%"><b>Time (seconds)</b></td>
<td><b>Instance</b></td>
</tr>
<tr>
<td title='com.java.qa.sccm.test.UpdateCustomerTest.updateCustomer()'><b>updateCustomer</b><br>Test class: com.java.qa.sccm.test.UpdateCustomerTest<br>Parameters: {TestName=BlankCustID, Customer_id=}<br/>
<a href="#Output-196539383" onClick='toggleBox("Output-196539383", this, "Show output", "Hide output");'>Show output</a>

<a href="#Output-196539383" onClick="toggleAllBoxes();">Show all outputs</a>
<div class='log' id="Output-196539383">
Request URI : http://173.37.21.174/SCCM/sccm_api/web/api/v1/customers?customer_id=<br/>
Status code : 200<br/>
Response message : Response Messege : {
    "status_code": 5000,
    "sub_status_code": 5001,
    "error": "Customer Resource Not Found",
    "data": [
        
    ],
    "app_data": [
        
    ]
}<br/>
</div>
</td>
<td><div><pre>java.lang.AssertionError: expected [customer_id cannot be empty] but found [Customer Resource Not Found]
	at com.java.qa.sccm.test.UpdateCustomerTest.updateCustomer(UpdateCustomerTest.java:86)
	at java.base/java.util.ArrayList.forEach(ArrayList.java:1511)
... Removed 32 stack frames</pre></div><a href='#' onClick='toggleBox("stack-trace196539383", this, "Click to show all stack frames", "Click to hide stack frames")'>Click to show all stack frames</a>
<div class='stack-trace' id='stack-trace196539383'><pre>java.lang.AssertionError: expected [customer_id cannot be empty] but found [Customer Resource Not Found]
	at org.testng.Assert.fail(Assert.java:99)
	at org.testng.Assert.failNotEquals(Assert.java:1037)
	at org.testng.Assert.assertEqualsImpl(Assert.java:140)
	at org.testng.Assert.assertEquals(Assert.java:122)
	at org.testng.Assert.assertEquals(Assert.java:617)
	at com.java.qa.sccm.test.UpdateCustomerTest.updateCustomer(UpdateCustomerTest.java:86)
	at java.base/jdk.internal.reflect.NativeMethodAccessorImpl.invoke0(Native Method)
	at java.base/jdk.internal.reflect.NativeMethodAccessorImpl.invoke(NativeMethodAccessorImpl.java:78)
	at java.base/jdk.internal.reflect.DelegatingMethodAccessorImpl.invoke(DelegatingMethodAccessorImpl.java:43)
	at java.base/java.lang.reflect.Method.invoke(Method.java:567)
	at org.testng.internal.MethodInvocationHelper.invokeMethod(MethodInvocationHelper.java:133)
	at org.testng.internal.TestInvoker.invokeMethod(TestInvoker.java:598)
	at org.testng.internal.TestInvoker.invokeTestMethod(TestInvoker.java:173)
	at org.testng.internal.MethodRunner.runInSequence(MethodRunner.java:46)
	at org.testng.internal.TestInvoker$MethodInvocationAgent.invoke(TestInvoker.java:824)
	at org.testng.internal.TestInvoker.invokeTestMethods(TestInvoker.java:146)
	at org.testng.internal.TestMethodWorker.invokeTestMethods(TestMethodWorker.java:146)
	at org.testng.internal.TestMethodWorker.run(TestMethodWorker.java:128)
	at java.base/java.util.ArrayList.forEach(ArrayList.java:1511)
	at org.testng.TestRunner.privateRun(TestRunner.java:794)
	at org.testng.TestRunner.run(TestRunner.java:596)
	at org.testng.SuiteRunner.runTest(SuiteRunner.java:377)
	at org.testng.SuiteRunner.runSequentially(SuiteRunner.java:371)
	at org.testng.SuiteRunner.privateRun(SuiteRunner.java:332)
	at org.testng.SuiteRunner.run(SuiteRunner.java:276)
	at org.testng.SuiteRunnerWorker.runSuite(SuiteRunnerWorker.java:53)
	at org.testng.SuiteRunnerWorker.run(SuiteRunnerWorker.java:96)
	at org.testng.TestNG.runSuitesSequentially(TestNG.java:1212)
	at org.testng.TestNG.runSuitesLocally(TestNG.java:1134)
	at org.testng.TestNG.runSuites(TestNG.java:1063)
	at org.testng.TestNG.run(TestNG.java:1031)
	at org.testng.remote.AbstractRemoteTestNG.run(AbstractRemoteTestNG.java:115)
	at org.testng.remote.RemoteTestNG.initAndRun(RemoteTestNG.java:251)
	at org.testng.remote.RemoteTestNG.main(RemoteTestNG.java:77)
</pre></div></td>
<td>0</td>
<td>com.java.qa.sccm.test.UpdateCustomerTest@47db5fa5</td></tr>
<tr>
<td title='com.java.qa.sccm.test.UpdateCustomerTest.updateCustomer()'><b>updateCustomer</b><br>Test class: com.java.qa.sccm.test.UpdateCustomerTest<br>Parameters: {TestName=InvalidCustID, Customer_id=!@#!#$%$#}<br/>
<a href="#Output-1862784020" onClick='toggleBox("Output-1862784020", this, "Show output", "Hide output");'>Show output</a>

<a href="#Output-1862784020" onClick="toggleAllBoxes();">Show all outputs</a>
<div class='log' id="Output-1862784020">
Request URI : http://173.37.21.174/SCCM/sccm_api/web/api/v1/customers?customer_id=!@#!#$%$#<br/>
Status code : 200<br/>
Response message : Response Messege : {
    "status_code": 5000,
    "sub_status_code": 5001,
    "error": "Customer Resource Not Found",
    "data": [
        
    ],
    "app_data": [
        
    ]
}<br/>
</div>
</td>
<td><div><pre>java.lang.AssertionError: expected [Invalid customer_id] but found [Customer Resource Not Found]
	at com.java.qa.sccm.test.UpdateCustomerTest.updateCustomer(UpdateCustomerTest.java:91)
	at java.base/java.util.ArrayList.forEach(ArrayList.java:1511)
... Removed 32 stack frames</pre></div><a href='#' onClick='toggleBox("stack-trace1862784020", this, "Click to show all stack frames", "Click to hide stack frames")'>Click to show all stack frames</a>
<div class='stack-trace' id='stack-trace1862784020'><pre>java.lang.AssertionError: expected [Invalid customer_id] but found [Customer Resource Not Found]
	at org.testng.Assert.fail(Assert.java:99)
	at org.testng.Assert.failNotEquals(Assert.java:1037)
	at org.testng.Assert.assertEqualsImpl(Assert.java:140)
	at org.testng.Assert.assertEquals(Assert.java:122)
	at org.testng.Assert.assertEquals(Assert.java:617)
	at com.java.qa.sccm.test.UpdateCustomerTest.updateCustomer(UpdateCustomerTest.java:91)
	at java.base/jdk.internal.reflect.NativeMethodAccessorImpl.invoke0(Native Method)
	at java.base/jdk.internal.reflect.NativeMethodAccessorImpl.invoke(NativeMethodAccessorImpl.java:78)
	at java.base/jdk.internal.reflect.DelegatingMethodAccessorImpl.invoke(DelegatingMethodAccessorImpl.java:43)
	at java.base/java.lang.reflect.Method.invoke(Method.java:567)
	at org.testng.internal.MethodInvocationHelper.invokeMethod(MethodInvocationHelper.java:133)
	at org.testng.internal.TestInvoker.invokeMethod(TestInvoker.java:598)
	at org.testng.internal.TestInvoker.invokeTestMethod(TestInvoker.java:173)
	at org.testng.internal.MethodRunner.runInSequence(MethodRunner.java:46)
	at org.testng.internal.TestInvoker$MethodInvocationAgent.invoke(TestInvoker.java:824)
	at org.testng.internal.TestInvoker.invokeTestMethods(TestInvoker.java:146)
	at org.testng.internal.TestMethodWorker.invokeTestMethods(TestMethodWorker.java:146)
	at org.testng.internal.TestMethodWorker.run(TestMethodWorker.java:128)
	at java.base/java.util.ArrayList.forEach(ArrayList.java:1511)
	at org.testng.TestRunner.privateRun(TestRunner.java:794)
	at org.testng.TestRunner.run(TestRunner.java:596)
	at org.testng.SuiteRunner.runTest(SuiteRunner.java:377)
	at org.testng.SuiteRunner.runSequentially(SuiteRunner.java:371)
	at org.testng.SuiteRunner.privateRun(SuiteRunner.java:332)
	at org.testng.SuiteRunner.run(SuiteRunner.java:276)
	at org.testng.SuiteRunnerWorker.runSuite(SuiteRunnerWorker.java:53)
	at org.testng.SuiteRunnerWorker.run(SuiteRunnerWorker.java:96)
	at org.testng.TestNG.runSuitesSequentially(TestNG.java:1212)
	at org.testng.TestNG.runSuitesLocally(TestNG.java:1134)
	at org.testng.TestNG.runSuites(TestNG.java:1063)
	at org.testng.TestNG.run(TestNG.java:1031)
	at org.testng.remote.AbstractRemoteTestNG.run(AbstractRemoteTestNG.java:115)
	at org.testng.remote.RemoteTestNG.initAndRun(RemoteTestNG.java:251)
	at org.testng.remote.RemoteTestNG.main(RemoteTestNG.java:77)
</pre></div></td>
<td>0</td>
<td>com.java.qa.sccm.test.UpdateCustomerTest@47db5fa5</td></tr>
<tr>
<td title='com.java.qa.sccm.test.CreateCustomerTest.createCustomer()'><b>createCustomer</b><br>Test class: com.java.qa.sccm.test.CreateCustomerTest<br>Parameters: {customer_name=AutomationUser, TestName=InvalidCustID, short_name=AutoUser, customer_id=1.231231132E9}<br/>
<a href="#Output-1262969395" onClick='toggleBox("Output-1262969395", this, "Show output", "Hide output");'>Show output</a>

<a href="#Output-1262969395" onClick="toggleAllBoxes();">Show all outputs</a>
<div class='log' id="Output-1262969395">
Request URI : http://173.37.21.174/SCCM/sccm_api/web/api/v1/customers<br/>
Status code : 200<br/>
Response message : Response Messege : {
    "status_code": 1001,
    "sub_status_code": 1001,
    "message": "Customer Created Successfully",
    "data": {
        "customer_id": "1.231231132E9399454"
    },
    "app_data": [
        
    ]
}<br/>
</div>
</td>
<td><div><pre>java.lang.AssertionError: expected [Kindly provide valid values of customer_id] but found [null]
	at com.java.qa.sccm.test.CreateCustomerTest.createCustomer(CreateCustomerTest.java:107)
	at java.base/java.util.ArrayList.forEach(ArrayList.java:1511)
... Removed 32 stack frames</pre></div><a href='#' onClick='toggleBox("stack-trace1262969395", this, "Click to show all stack frames", "Click to hide stack frames")'>Click to show all stack frames</a>
<div class='stack-trace' id='stack-trace1262969395'><pre>java.lang.AssertionError: expected [Kindly provide valid values of customer_id] but found [null]
	at org.testng.Assert.fail(Assert.java:99)
	at org.testng.Assert.failNotEquals(Assert.java:1037)
	at org.testng.Assert.assertEqualsImpl(Assert.java:140)
	at org.testng.Assert.assertEquals(Assert.java:122)
	at org.testng.Assert.assertEquals(Assert.java:617)
	at com.java.qa.sccm.test.CreateCustomerTest.createCustomer(CreateCustomerTest.java:107)
	at java.base/jdk.internal.reflect.NativeMethodAccessorImpl.invoke0(Native Method)
	at java.base/jdk.internal.reflect.NativeMethodAccessorImpl.invoke(NativeMethodAccessorImpl.java:78)
	at java.base/jdk.internal.reflect.DelegatingMethodAccessorImpl.invoke(DelegatingMethodAccessorImpl.java:43)
	at java.base/java.lang.reflect.Method.invoke(Method.java:567)
	at org.testng.internal.MethodInvocationHelper.invokeMethod(MethodInvocationHelper.java:133)
	at org.testng.internal.TestInvoker.invokeMethod(TestInvoker.java:598)
	at org.testng.internal.TestInvoker.invokeTestMethod(TestInvoker.java:173)
	at org.testng.internal.MethodRunner.runInSequence(MethodRunner.java:46)
	at org.testng.internal.TestInvoker$MethodInvocationAgent.invoke(TestInvoker.java:824)
	at org.testng.internal.TestInvoker.invokeTestMethods(TestInvoker.java:146)
	at org.testng.internal.TestMethodWorker.invokeTestMethods(TestMethodWorker.java:146)
	at org.testng.internal.TestMethodWorker.run(TestMethodWorker.java:128)
	at java.base/java.util.ArrayList.forEach(ArrayList.java:1511)
	at org.testng.TestRunner.privateRun(TestRunner.java:794)
	at org.testng.TestRunner.run(TestRunner.java:596)
	at org.testng.SuiteRunner.runTest(SuiteRunner.java:377)
	at org.testng.SuiteRunner.runSequentially(SuiteRunner.java:371)
	at org.testng.SuiteRunner.privateRun(SuiteRunner.java:332)
	at org.testng.SuiteRunner.run(SuiteRunner.java:276)
	at org.testng.SuiteRunnerWorker.runSuite(SuiteRunnerWorker.java:53)
	at org.testng.SuiteRunnerWorker.run(SuiteRunnerWorker.java:96)
	at org.testng.TestNG.runSuitesSequentially(TestNG.java:1212)
	at org.testng.TestNG.runSuitesLocally(TestNG.java:1134)
	at org.testng.TestNG.runSuites(TestNG.java:1063)
	at org.testng.TestNG.run(TestNG.java:1031)
	at org.testng.remote.AbstractRemoteTestNG.run(AbstractRemoteTestNG.java:115)
	at org.testng.remote.RemoteTestNG.initAndRun(RemoteTestNG.java:251)
	at org.testng.remote.RemoteTestNG.main(RemoteTestNG.java:77)
</pre></div></td>
<td>0</td>
<td>com.java.qa.sccm.test.CreateCustomerTest@41e350f1</td></tr>
<tr>
<td title='com.java.qa.sccm.test.CreateCustomerTest.createCustomer()'><b>createCustomer</b><br>Test class: com.java.qa.sccm.test.CreateCustomerTest<br>Parameters: {customer_name=1.232143254E9, TestName=InvalidCustName, short_name=AutoUser, customer_id=AutoUser}<br/>
<a href="#Output-1313910358" onClick='toggleBox("Output-1313910358", this, "Show output", "Hide output");'>Show output</a>

<a href="#Output-1313910358" onClick="toggleAllBoxes();">Show all outputs</a>
<div class='log' id="Output-1313910358">
Request URI : http://173.37.21.174/SCCM/sccm_api/web/api/v1/customers<br/>
Status code : 200<br/>
Response message : Response Messege : {
    "status_code": 1001,
    "sub_status_code": 1001,
    "message": "Customer Created Successfully",
    "data": {
        "customer_id": "AutoUser27457"
    },
    "app_data": [
        
    ]
}<br/>
</div>
</td>
<td><div><pre>java.lang.AssertionError: expected [Kindly provide valid values of customer_name] but found [null]
	at com.java.qa.sccm.test.CreateCustomerTest.createCustomer(CreateCustomerTest.java:97)
	at java.base/java.util.ArrayList.forEach(ArrayList.java:1511)
... Removed 32 stack frames</pre></div><a href='#' onClick='toggleBox("stack-trace1313910358", this, "Click to show all stack frames", "Click to hide stack frames")'>Click to show all stack frames</a>
<div class='stack-trace' id='stack-trace1313910358'><pre>java.lang.AssertionError: expected [Kindly provide valid values of customer_name] but found [null]
	at org.testng.Assert.fail(Assert.java:99)
	at org.testng.Assert.failNotEquals(Assert.java:1037)
	at org.testng.Assert.assertEqualsImpl(Assert.java:140)
	at org.testng.Assert.assertEquals(Assert.java:122)
	at org.testng.Assert.assertEquals(Assert.java:617)
	at com.java.qa.sccm.test.CreateCustomerTest.createCustomer(CreateCustomerTest.java:97)
	at java.base/jdk.internal.reflect.NativeMethodAccessorImpl.invoke0(Native Method)
	at java.base/jdk.internal.reflect.NativeMethodAccessorImpl.invoke(NativeMethodAccessorImpl.java:78)
	at java.base/jdk.internal.reflect.DelegatingMethodAccessorImpl.invoke(DelegatingMethodAccessorImpl.java:43)
	at java.base/java.lang.reflect.Method.invoke(Method.java:567)
	at org.testng.internal.MethodInvocationHelper.invokeMethod(MethodInvocationHelper.java:133)
	at org.testng.internal.TestInvoker.invokeMethod(TestInvoker.java:598)
	at org.testng.internal.TestInvoker.invokeTestMethod(TestInvoker.java:173)
	at org.testng.internal.MethodRunner.runInSequence(MethodRunner.java:46)
	at org.testng.internal.TestInvoker$MethodInvocationAgent.invoke(TestInvoker.java:824)
	at org.testng.internal.TestInvoker.invokeTestMethods(TestInvoker.java:146)
	at org.testng.internal.TestMethodWorker.invokeTestMethods(TestMethodWorker.java:146)
	at org.testng.internal.TestMethodWorker.run(TestMethodWorker.java:128)
	at java.base/java.util.ArrayList.forEach(ArrayList.java:1511)
	at org.testng.TestRunner.privateRun(TestRunner.java:794)
	at org.testng.TestRunner.run(TestRunner.java:596)
	at org.testng.SuiteRunner.runTest(SuiteRunner.java:377)
	at org.testng.SuiteRunner.runSequentially(SuiteRunner.java:371)
	at org.testng.SuiteRunner.privateRun(SuiteRunner.java:332)
	at org.testng.SuiteRunner.run(SuiteRunner.java:276)
	at org.testng.SuiteRunnerWorker.runSuite(SuiteRunnerWorker.java:53)
	at org.testng.SuiteRunnerWorker.run(SuiteRunnerWorker.java:96)
	at org.testng.TestNG.runSuitesSequentially(TestNG.java:1212)
	at org.testng.TestNG.runSuitesLocally(TestNG.java:1134)
	at org.testng.TestNG.runSuites(TestNG.java:1063)
	at org.testng.TestNG.run(TestNG.java:1031)
	at org.testng.remote.AbstractRemoteTestNG.run(AbstractRemoteTestNG.java:115)
	at org.testng.remote.RemoteTestNG.initAndRun(RemoteTestNG.java:251)
	at org.testng.remote.RemoteTestNG.main(RemoteTestNG.java:77)
</pre></div></td>
<td>0</td>
<td>com.java.qa.sccm.test.CreateCustomerTest@41e350f1</td></tr>
<tr>
<td title='com.java.qa.sccm.test.CreateCustomerTest.createCustomer()'><b>createCustomer</b><br>Test class: com.java.qa.sccm.test.CreateCustomerTest<br>Parameters: {customer_name=AutomationUser, TestName=BlankShortName, short_name=, customer_id=AutoUser}<br/>
<a href="#Output-1528099970" onClick='toggleBox("Output-1528099970", this, "Show output", "Hide output");'>Show output</a>

<a href="#Output-1528099970" onClick="toggleAllBoxes();">Show all outputs</a>
<div class='log' id="Output-1528099970">
Request URI : http://173.37.21.174/SCCM/sccm_api/web/api/v1/customers<br/>
Status code : 200<br/>
Response message : Response Messege : {
    "status_code": 1001,
    "sub_status_code": 1001,
    "message": "Customer Created Successfully",
    "data": {
        "customer_id": "AutoUser700060"
    },
    "app_data": [
        
    ]
}<br/>
</div>
</td>
<td><div><pre>java.lang.AssertionError: expected [short_name cannot be empty] but found [null]
	at com.java.qa.sccm.test.CreateCustomerTest.createCustomer(CreateCustomerTest.java:112)
	at java.base/java.util.ArrayList.forEach(ArrayList.java:1511)
... Removed 32 stack frames</pre></div><a href='#' onClick='toggleBox("stack-trace1528099970", this, "Click to show all stack frames", "Click to hide stack frames")'>Click to show all stack frames</a>
<div class='stack-trace' id='stack-trace1528099970'><pre>java.lang.AssertionError: expected [short_name cannot be empty] but found [null]
	at org.testng.Assert.fail(Assert.java:99)
	at org.testng.Assert.failNotEquals(Assert.java:1037)
	at org.testng.Assert.assertEqualsImpl(Assert.java:140)
	at org.testng.Assert.assertEquals(Assert.java:122)
	at org.testng.Assert.assertEquals(Assert.java:617)
	at com.java.qa.sccm.test.CreateCustomerTest.createCustomer(CreateCustomerTest.java:112)
	at java.base/jdk.internal.reflect.NativeMethodAccessorImpl.invoke0(Native Method)
	at java.base/jdk.internal.reflect.NativeMethodAccessorImpl.invoke(NativeMethodAccessorImpl.java:78)
	at java.base/jdk.internal.reflect.DelegatingMethodAccessorImpl.invoke(DelegatingMethodAccessorImpl.java:43)
	at java.base/java.lang.reflect.Method.invoke(Method.java:567)
	at org.testng.internal.MethodInvocationHelper.invokeMethod(MethodInvocationHelper.java:133)
	at org.testng.internal.TestInvoker.invokeMethod(TestInvoker.java:598)
	at org.testng.internal.TestInvoker.invokeTestMethod(TestInvoker.java:173)
	at org.testng.internal.MethodRunner.runInSequence(MethodRunner.java:46)
	at org.testng.internal.TestInvoker$MethodInvocationAgent.invoke(TestInvoker.java:824)
	at org.testng.internal.TestInvoker.invokeTestMethods(TestInvoker.java:146)
	at org.testng.internal.TestMethodWorker.invokeTestMethods(TestMethodWorker.java:146)
	at org.testng.internal.TestMethodWorker.run(TestMethodWorker.java:128)
	at java.base/java.util.ArrayList.forEach(ArrayList.java:1511)
	at org.testng.TestRunner.privateRun(TestRunner.java:794)
	at org.testng.TestRunner.run(TestRunner.java:596)
	at org.testng.SuiteRunner.runTest(SuiteRunner.java:377)
	at org.testng.SuiteRunner.runSequentially(SuiteRunner.java:371)
	at org.testng.SuiteRunner.privateRun(SuiteRunner.java:332)
	at org.testng.SuiteRunner.run(SuiteRunner.java:276)
	at org.testng.SuiteRunnerWorker.runSuite(SuiteRunnerWorker.java:53)
	at org.testng.SuiteRunnerWorker.run(SuiteRunnerWorker.java:96)
	at org.testng.TestNG.runSuitesSequentially(TestNG.java:1212)
	at org.testng.TestNG.runSuitesLocally(TestNG.java:1134)
	at org.testng.TestNG.runSuites(TestNG.java:1063)
	at org.testng.TestNG.run(TestNG.java:1031)
	at org.testng.remote.AbstractRemoteTestNG.run(AbstractRemoteTestNG.java:115)
	at org.testng.remote.RemoteTestNG.initAndRun(RemoteTestNG.java:251)
	at org.testng.remote.RemoteTestNG.main(RemoteTestNG.java:77)
</pre></div></td>
<td>0</td>
<td>com.java.qa.sccm.test.CreateCustomerTest@41e350f1</td></tr>
<tr>
<td title='com.java.qa.sccm.test.GetCustomerDataTest.GetCustomer()'><b>GetCustomer</b><br>Test class: com.java.qa.sccm.test.GetCustomerDataTest<br>Parameters: {TestName=InvalidCustID, Customer_id=123213423453457000}<br/>
<a href="#Output-1534265514" onClick='toggleBox("Output-1534265514", this, "Show output", "Hide output");'>Show output</a>

<a href="#Output-1534265514" onClick="toggleAllBoxes();">Show all outputs</a>
<div class='log' id="Output-1534265514">
Request URI : http://173.37.21.174/SCCM/sccm_api/web/api/v1/customers?customer_id=123213423453457000<br/>
Status code : 200<br/>
Response message : Response Messege : {
    "status_code": 5000,
    "sub_status_code": 5003,
    "error": "Customer Resource Not Found",
    "data": [
        
    ],
    "app_data": [
        
    ]
}<br/>
</div>
</td>
<td><div><pre>java.lang.AssertionError: expected [5002] but found [5003]
	at com.java.qa.sccm.test.GetCustomerDataTest.GetCustomer(GetCustomerDataTest.java:84)
	at java.base/java.util.ArrayList.forEach(ArrayList.java:1511)
... Removed 32 stack frames</pre></div><a href='#' onClick='toggleBox("stack-trace1534265514", this, "Click to show all stack frames", "Click to hide stack frames")'>Click to show all stack frames</a>
<div class='stack-trace' id='stack-trace1534265514'><pre>java.lang.AssertionError: expected [5002] but found [5003]
	at org.testng.Assert.fail(Assert.java:99)
	at org.testng.Assert.failNotEquals(Assert.java:1037)
	at org.testng.Assert.assertEqualsImpl(Assert.java:140)
	at org.testng.Assert.assertEquals(Assert.java:122)
	at org.testng.Assert.assertEquals(Assert.java:617)
	at com.java.qa.sccm.test.GetCustomerDataTest.GetCustomer(GetCustomerDataTest.java:84)
	at java.base/jdk.internal.reflect.NativeMethodAccessorImpl.invoke0(Native Method)
	at java.base/jdk.internal.reflect.NativeMethodAccessorImpl.invoke(NativeMethodAccessorImpl.java:78)
	at java.base/jdk.internal.reflect.DelegatingMethodAccessorImpl.invoke(DelegatingMethodAccessorImpl.java:43)
	at java.base/java.lang.reflect.Method.invoke(Method.java:567)
	at org.testng.internal.MethodInvocationHelper.invokeMethod(MethodInvocationHelper.java:133)
	at org.testng.internal.TestInvoker.invokeMethod(TestInvoker.java:598)
	at org.testng.internal.TestInvoker.invokeTestMethod(TestInvoker.java:173)
	at org.testng.internal.MethodRunner.runInSequence(MethodRunner.java:46)
	at org.testng.internal.TestInvoker$MethodInvocationAgent.invoke(TestInvoker.java:824)
	at org.testng.internal.TestInvoker.invokeTestMethods(TestInvoker.java:146)
	at org.testng.internal.TestMethodWorker.invokeTestMethods(TestMethodWorker.java:146)
	at org.testng.internal.TestMethodWorker.run(TestMethodWorker.java:128)
	at java.base/java.util.ArrayList.forEach(ArrayList.java:1511)
	at org.testng.TestRunner.privateRun(TestRunner.java:794)
	at org.testng.TestRunner.run(TestRunner.java:596)
	at org.testng.SuiteRunner.runTest(SuiteRunner.java:377)
	at org.testng.SuiteRunner.runSequentially(SuiteRunner.java:371)
	at org.testng.SuiteRunner.privateRun(SuiteRunner.java:332)
	at org.testng.SuiteRunner.run(SuiteRunner.java:276)
	at org.testng.SuiteRunnerWorker.runSuite(SuiteRunnerWorker.java:53)
	at org.testng.SuiteRunnerWorker.run(SuiteRunnerWorker.java:96)
	at org.testng.TestNG.runSuitesSequentially(TestNG.java:1212)
	at org.testng.TestNG.runSuitesLocally(TestNG.java:1134)
	at org.testng.TestNG.runSuites(TestNG.java:1063)
	at org.testng.TestNG.run(TestNG.java:1031)
	at org.testng.remote.AbstractRemoteTestNG.run(AbstractRemoteTestNG.java:115)
	at org.testng.remote.RemoteTestNG.initAndRun(RemoteTestNG.java:251)
	at org.testng.remote.RemoteTestNG.main(RemoteTestNG.java:77)
</pre></div></td>
<td>0</td>
<td>com.java.qa.sccm.test.GetCustomerDataTest@2e11485</td></tr>
<tr>
<td title='com.java.qa.sccm.test.CreateCustomerTest.createCustomer()'><b>createCustomer</b><br>Test class: com.java.qa.sccm.test.CreateCustomerTest<br>Parameters: {customer_name=AutomationUser, TestName=BlankCustID, short_name=AutoUser, customer_id=}<br/>
<a href="#Output-787205767" onClick='toggleBox("Output-787205767", this, "Show output", "Hide output");'>Show output</a>

<a href="#Output-787205767" onClick="toggleAllBoxes();">Show all outputs</a>
<div class='log' id="Output-787205767">
Request URI : http://173.37.21.174/SCCM/sccm_api/web/api/v1/customers<br/>
Status code : 200<br/>
Response message : Response Messege : {
    "status_code": 1001,
    "sub_status_code": 1001,
    "message": "Customer Created Successfully",
    "data": {
        "customer_id": "821553"
    },
    "app_data": [
        
    ]
}<br/>
</div>
</td>
<td><div><pre>java.lang.AssertionError: expected [customer_id cannot be empty] but found [null]
	at com.java.qa.sccm.test.CreateCustomerTest.createCustomer(CreateCustomerTest.java:102)
	at java.base/java.util.ArrayList.forEach(ArrayList.java:1511)
... Removed 32 stack frames</pre></div><a href='#' onClick='toggleBox("stack-trace787205767", this, "Click to show all stack frames", "Click to hide stack frames")'>Click to show all stack frames</a>
<div class='stack-trace' id='stack-trace787205767'><pre>java.lang.AssertionError: expected [customer_id cannot be empty] but found [null]
	at org.testng.Assert.fail(Assert.java:99)
	at org.testng.Assert.failNotEquals(Assert.java:1037)
	at org.testng.Assert.assertEqualsImpl(Assert.java:140)
	at org.testng.Assert.assertEquals(Assert.java:122)
	at org.testng.Assert.assertEquals(Assert.java:617)
	at com.java.qa.sccm.test.CreateCustomerTest.createCustomer(CreateCustomerTest.java:102)
	at java.base/jdk.internal.reflect.NativeMethodAccessorImpl.invoke0(Native Method)
	at java.base/jdk.internal.reflect.NativeMethodAccessorImpl.invoke(NativeMethodAccessorImpl.java:78)
	at java.base/jdk.internal.reflect.DelegatingMethodAccessorImpl.invoke(DelegatingMethodAccessorImpl.java:43)
	at java.base/java.lang.reflect.Method.invoke(Method.java:567)
	at org.testng.internal.MethodInvocationHelper.invokeMethod(MethodInvocationHelper.java:133)
	at org.testng.internal.TestInvoker.invokeMethod(TestInvoker.java:598)
	at org.testng.internal.TestInvoker.invokeTestMethod(TestInvoker.java:173)
	at org.testng.internal.MethodRunner.runInSequence(MethodRunner.java:46)
	at org.testng.internal.TestInvoker$MethodInvocationAgent.invoke(TestInvoker.java:824)
	at org.testng.internal.TestInvoker.invokeTestMethods(TestInvoker.java:146)
	at org.testng.internal.TestMethodWorker.invokeTestMethods(TestMethodWorker.java:146)
	at org.testng.internal.TestMethodWorker.run(TestMethodWorker.java:128)
	at java.base/java.util.ArrayList.forEach(ArrayList.java:1511)
	at org.testng.TestRunner.privateRun(TestRunner.java:794)
	at org.testng.TestRunner.run(TestRunner.java:596)
	at org.testng.SuiteRunner.runTest(SuiteRunner.java:377)
	at org.testng.SuiteRunner.runSequentially(SuiteRunner.java:371)
	at org.testng.SuiteRunner.privateRun(SuiteRunner.java:332)
	at org.testng.SuiteRunner.run(SuiteRunner.java:276)
	at org.testng.SuiteRunnerWorker.runSuite(SuiteRunnerWorker.java:53)
	at org.testng.SuiteRunnerWorker.run(SuiteRunnerWorker.java:96)
	at org.testng.TestNG.runSuitesSequentially(TestNG.java:1212)
	at org.testng.TestNG.runSuitesLocally(TestNG.java:1134)
	at org.testng.TestNG.runSuites(TestNG.java:1063)
	at org.testng.TestNG.run(TestNG.java:1031)
	at org.testng.remote.AbstractRemoteTestNG.run(AbstractRemoteTestNG.java:115)
	at org.testng.remote.RemoteTestNG.initAndRun(RemoteTestNG.java:251)
	at org.testng.remote.RemoteTestNG.main(RemoteTestNG.java:77)
</pre></div></td>
<td>0</td>
<td>com.java.qa.sccm.test.CreateCustomerTest@41e350f1</td></tr>
<tr>
<td title='com.java.qa.sccm.test.CreateCustomerTest.createCustomer()'><b>createCustomer</b><br>Test class: com.java.qa.sccm.test.CreateCustomerTest<br>Parameters: {customer_name=, TestName=BlankCustName, short_name=AutoUser, customer_id=AutoUser}<br/>
<a href="#Output-659906939" onClick='toggleBox("Output-659906939", this, "Show output", "Hide output");'>Show output</a>

<a href="#Output-659906939" onClick="toggleAllBoxes();">Show all outputs</a>
<div class='log' id="Output-659906939">
Request URI : http://173.37.21.174/SCCM/sccm_api/web/api/v1/customers<br/>
Status code : 200<br/>
Response message : Response Messege : {
    "status_code": 1001,
    "sub_status_code": 1001,
    "message": "Customer Created Successfully",
    "data": {
        "customer_id": "AutoUser482732"
    },
    "app_data": [
        
    ]
}<br/>
</div>
</td>
<td><div><pre>java.lang.AssertionError: expected [customer_name cannot be empty] but found [null]
	at com.java.qa.sccm.test.CreateCustomerTest.createCustomer(CreateCustomerTest.java:92)
	at java.base/java.util.ArrayList.forEach(ArrayList.java:1511)
... Removed 32 stack frames</pre></div><a href='#' onClick='toggleBox("stack-trace659906939", this, "Click to show all stack frames", "Click to hide stack frames")'>Click to show all stack frames</a>
<div class='stack-trace' id='stack-trace659906939'><pre>java.lang.AssertionError: expected [customer_name cannot be empty] but found [null]
	at org.testng.Assert.fail(Assert.java:99)
	at org.testng.Assert.failNotEquals(Assert.java:1037)
	at org.testng.Assert.assertEqualsImpl(Assert.java:140)
	at org.testng.Assert.assertEquals(Assert.java:122)
	at org.testng.Assert.assertEquals(Assert.java:617)
	at com.java.qa.sccm.test.CreateCustomerTest.createCustomer(CreateCustomerTest.java:92)
	at java.base/jdk.internal.reflect.NativeMethodAccessorImpl.invoke0(Native Method)
	at java.base/jdk.internal.reflect.NativeMethodAccessorImpl.invoke(NativeMethodAccessorImpl.java:78)
	at java.base/jdk.internal.reflect.DelegatingMethodAccessorImpl.invoke(DelegatingMethodAccessorImpl.java:43)
	at java.base/java.lang.reflect.Method.invoke(Method.java:567)
	at org.testng.internal.MethodInvocationHelper.invokeMethod(MethodInvocationHelper.java:133)
	at org.testng.internal.TestInvoker.invokeMethod(TestInvoker.java:598)
	at org.testng.internal.TestInvoker.invokeTestMethod(TestInvoker.java:173)
	at org.testng.internal.MethodRunner.runInSequence(MethodRunner.java:46)
	at org.testng.internal.TestInvoker$MethodInvocationAgent.invoke(TestInvoker.java:824)
	at org.testng.internal.TestInvoker.invokeTestMethods(TestInvoker.java:146)
	at org.testng.internal.TestMethodWorker.invokeTestMethods(TestMethodWorker.java:146)
	at org.testng.internal.TestMethodWorker.run(TestMethodWorker.java:128)
	at java.base/java.util.ArrayList.forEach(ArrayList.java:1511)
	at org.testng.TestRunner.privateRun(TestRunner.java:794)
	at org.testng.TestRunner.run(TestRunner.java:596)
	at org.testng.SuiteRunner.runTest(SuiteRunner.java:377)
	at org.testng.SuiteRunner.runSequentially(SuiteRunner.java:371)
	at org.testng.SuiteRunner.privateRun(SuiteRunner.java:332)
	at org.testng.SuiteRunner.run(SuiteRunner.java:276)
	at org.testng.SuiteRunnerWorker.runSuite(SuiteRunnerWorker.java:53)
	at org.testng.SuiteRunnerWorker.run(SuiteRunnerWorker.java:96)
	at org.testng.TestNG.runSuitesSequentially(TestNG.java:1212)
	at org.testng.TestNG.runSuitesLocally(TestNG.java:1134)
	at org.testng.TestNG.runSuites(TestNG.java:1063)
	at org.testng.TestNG.run(TestNG.java:1031)
	at org.testng.remote.AbstractRemoteTestNG.run(AbstractRemoteTestNG.java:115)
	at org.testng.remote.RemoteTestNG.initAndRun(RemoteTestNG.java:251)
	at org.testng.remote.RemoteTestNG.main(RemoteTestNG.java:77)
</pre></div></td>
<td>0</td>
<td>com.java.qa.sccm.test.CreateCustomerTest@41e350f1</td></tr>
<tr>
<td title='com.java.qa.sccm.test.Step2Test.Step2()'><b>Step2</b><br>Test class: com.java.qa.sccm.test.Step2Test<br>Parameters: {customer_id=10034567, topology_type=1, route-map_nam=xyz, service_specific_id=1.227356323E9, transaction_id=5345, device_id=1000, TestName=validData, adl=null, _address_+_subnet_mask=235}</td>
<td><div><pre>io.restassured.path.json.exception.JsonPathException: Failed to parse the JSON document
	at io.restassured.path.json.JsonPath$ExceptionCatcher.invoke(JsonPath.java:1002)
	at io.restassured.path.json.JsonPath$4.doParseWith(JsonPath.java:967)
	at io.restassured.path.json.JsonPath$JsonParser.parseWith(JsonPath.java:1047)
	at io.restassured.path.json.JsonPath.get(JsonPath.java:202)
	at io.restassured.path.json.JsonPath.get(JsonPath.java:190)
	at com.java.qa.sccm.test.Step2Test.Step2(Step2Test.java:85)
	at java.base/java.util.ArrayList.forEach(ArrayList.java:1511)
Caused by: groovy.json.JsonException: A JSON payload should start with an openning curly brace &apos;{&apos; or an openning square bracket &apos;[&apos;.
Instead, &apos;&quot;Undefined array key &quot;endpoint_devices&quot;  |  #0 /var/www/html/SCCM/sccm_api/modules/versiSatu/controllers/ServicedeployController.php(455): yii\base\ErrorHandler-&gt;handleError()
#1 [internal function]: app\modules\versiSatu\controllers\ServicedeployController-&gt;actionStep2()
#2 /var/www/html/SCCM/vendor/yiisoft/yii2/base/InlineAction.php(57): call_user_func_array()
#3 /var/www/html/SCCM/vendor/yiisoft/yii2/base/Controller.php(181): yii\base\InlineAction-&gt;runWithParams()
#4 /var/www/html/SCCM/vendor/yiisoft/yii2/base/Module.php(534): yii\base\Controller-&gt;runAction()
#5 /var/www/html/SCCM/vendor/yiisoft/yii2/web/Application.php(104): yii\base\Module-&gt;runAction()
#6 /var/www/html/SCCM/vendor/yiisoft/yii2/base/Application.php(392): yii\web\Application-&gt;handleRequest()
#7 /var/www/html/SCCM/sccm_api/web/index.php(32): yii\base\Application-&gt;run()
#8 {main}&quot;&apos; was found on line: 1, column: 1
	at org.codehaus.groovy.runtime.callsite.ConstructorSite$ConstructorSiteNoUnwrapNoCoerce.callConstructor(ConstructorSite.java:105)
	at org.codehaus.groovy.runtime.callsite.CallSiteArray.defaultCallConstructor(CallSiteArray.java:59)
	at org.codehaus.groovy.runtime.callsite.AbstractCallSite.callConstructor(AbstractCallSite.java:263)
	at org.codehaus.groovy.runtime.callsite.AbstractCallSite.callConstructor(AbstractCallSite.java:277)
	at io.restassured.internal.path.json.ConfigurableJsonSlurper.parse(ConfigurableJsonSlurper.groovy:114)
	at io.restassured.internal.path.json.ConfigurableJsonSlurper$parse.callCurrent(Unknown Source)
	at io.restassured.internal.path.json.ConfigurableJsonSlurper.parseText(ConfigurableJsonSlurper.groovy:83)
	at io.restassured.path.json.JsonPath$4$1.method(JsonPath.java:965)
	at io.restassured.path.json.JsonPath$ExceptionCatcher.invoke(JsonPath.java:1000)
	... 33 more
... Removed 33 stack frames</pre></div><a href='#' onClick='toggleBox("stack-trace942649169", this, "Click to show all stack frames", "Click to hide stack frames")'>Click to show all stack frames</a>
<div class='stack-trace' id='stack-trace942649169'><pre>io.restassured.path.json.exception.JsonPathException: Failed to parse the JSON document
	at io.restassured.path.json.JsonPath$ExceptionCatcher.invoke(JsonPath.java:1002)
	at io.restassured.path.json.JsonPath$4.doParseWith(JsonPath.java:967)
	at io.restassured.path.json.JsonPath$JsonParser.parseWith(JsonPath.java:1047)
	at io.restassured.path.json.JsonPath.get(JsonPath.java:202)
	at io.restassured.path.json.JsonPath.get(JsonPath.java:190)
	at com.java.qa.sccm.test.Step2Test.Step2(Step2Test.java:85)
	at java.base/jdk.internal.reflect.NativeMethodAccessorImpl.invoke0(Native Method)
	at java.base/jdk.internal.reflect.NativeMethodAccessorImpl.invoke(NativeMethodAccessorImpl.java:78)
	at java.base/jdk.internal.reflect.DelegatingMethodAccessorImpl.invoke(DelegatingMethodAccessorImpl.java:43)
	at java.base/java.lang.reflect.Method.invoke(Method.java:567)
	at org.testng.internal.MethodInvocationHelper.invokeMethod(MethodInvocationHelper.java:133)
	at org.testng.internal.TestInvoker.invokeMethod(TestInvoker.java:598)
	at org.testng.internal.TestInvoker.invokeTestMethod(TestInvoker.java:173)
	at org.testng.internal.MethodRunner.runInSequence(MethodRunner.java:46)
	at org.testng.internal.TestInvoker$MethodInvocationAgent.invoke(TestInvoker.java:824)
	at org.testng.internal.TestInvoker.invokeTestMethods(TestInvoker.java:146)
	at org.testng.internal.TestMethodWorker.invokeTestMethods(TestMethodWorker.java:146)
	at org.testng.internal.TestMethodWorker.run(TestMethodWorker.java:128)
	at java.base/java.util.ArrayList.forEach(ArrayList.java:1511)
	at org.testng.TestRunner.privateRun(TestRunner.java:794)
	at org.testng.TestRunner.run(TestRunner.java:596)
	at org.testng.SuiteRunner.runTest(SuiteRunner.java:377)
	at org.testng.SuiteRunner.runSequentially(SuiteRunner.java:371)
	at org.testng.SuiteRunner.privateRun(SuiteRunner.java:332)
	at org.testng.SuiteRunner.run(SuiteRunner.java:276)
	at org.testng.SuiteRunnerWorker.runSuite(SuiteRunnerWorker.java:53)
	at org.testng.SuiteRunnerWorker.run(SuiteRunnerWorker.java:96)
	at org.testng.TestNG.runSuitesSequentially(TestNG.java:1212)
	at org.testng.TestNG.runSuitesLocally(TestNG.java:1134)
	at org.testng.TestNG.runSuites(TestNG.java:1063)
	at org.testng.TestNG.run(TestNG.java:1031)
	at org.testng.remote.AbstractRemoteTestNG.run(AbstractRemoteTestNG.java:115)
	at org.testng.remote.RemoteTestNG.initAndRun(RemoteTestNG.java:251)
	at org.testng.remote.RemoteTestNG.main(RemoteTestNG.java:77)
Caused by: groovy.json.JsonException: A JSON payload should start with an openning curly brace &apos;{&apos; or an openning square bracket &apos;[&apos;.
Instead, &apos;&quot;Undefined array key &quot;endpoint_devices&quot;  |  #0 /var/www/html/SCCM/sccm_api/modules/versiSatu/controllers/ServicedeployController.php(455): yii\base\ErrorHandler-&gt;handleError()
#1 [internal function]: app\modules\versiSatu\controllers\ServicedeployController-&gt;actionStep2()
#2 /var/www/html/SCCM/vendor/yiisoft/yii2/base/InlineAction.php(57): call_user_func_array()
#3 /var/www/html/SCCM/vendor/yiisoft/yii2/base/Controller.php(181): yii\base\InlineAction-&gt;runWithParams()
#4 /var/www/html/SCCM/vendor/yiisoft/yii2/base/Module.php(534): yii\base\Controller-&gt;runAction()
#5 /var/www/html/SCCM/vendor/yiisoft/yii2/web/Application.php(104): yii\base\Module-&gt;runAction()
#6 /var/www/html/SCCM/vendor/yiisoft/yii2/base/Application.php(392): yii\web\Application-&gt;handleRequest()
#7 /var/www/html/SCCM/sccm_api/web/index.php(32): yii\base\Application-&gt;run()
#8 {main}&quot;&apos; was found on line: 1, column: 1
	at java.base/jdk.internal.reflect.NativeConstructorAccessorImpl.newInstance0(Native Method)
	at java.base/jdk.internal.reflect.NativeConstructorAccessorImpl.newInstance(NativeConstructorAccessorImpl.java:78)
	at java.base/jdk.internal.reflect.DelegatingConstructorAccessorImpl.newInstance(DelegatingConstructorAccessorImpl.java:45)
	at java.base/java.lang.reflect.Constructor.newInstanceWithCaller(Constructor.java:499)
	at java.base/java.lang.reflect.Constructor.newInstance(Constructor.java:480)
	at org.codehaus.groovy.reflection.CachedConstructor.invoke(CachedConstructor.java:72)
	at org.codehaus.groovy.runtime.callsite.ConstructorSite$ConstructorSiteNoUnwrapNoCoerce.callConstructor(ConstructorSite.java:105)
	at org.codehaus.groovy.runtime.callsite.CallSiteArray.defaultCallConstructor(CallSiteArray.java:59)
	at org.codehaus.groovy.runtime.callsite.AbstractCallSite.callConstructor(AbstractCallSite.java:263)
	at org.codehaus.groovy.runtime.callsite.AbstractCallSite.callConstructor(AbstractCallSite.java:277)
	at io.restassured.internal.path.json.ConfigurableJsonSlurper.parse(ConfigurableJsonSlurper.groovy:114)
	at io.restassured.internal.path.json.ConfigurableJsonSlurper$parse.callCurrent(Unknown Source)
	at io.restassured.internal.path.json.ConfigurableJsonSlurper.parseText(ConfigurableJsonSlurper.groovy:83)
	at io.restassured.path.json.JsonPath$4$1.method(JsonPath.java:965)
	at io.restassured.path.json.JsonPath$ExceptionCatcher.invoke(JsonPath.java:1000)
	... 33 more
</pre></div></td>
<td>0</td>
<td>com.java.qa.sccm.test.Step2Test@1d8062d2</td></tr>
</table><p>
<table width='100%' border='1' class='invocation-passed'>
<tr><td colspan='4' align='center'><b>PASSED TESTS</b></td></tr>
<tr><td><b>Test method</b></td>
<td width="30%"><b>Exception</b></td>
<td width="10%"><b>Time (seconds)</b></td>
<td><b>Instance</b></td>
</tr>
<tr>
<td title='com.java.qa.sccm.test.GetCustomerDataTest.GetCustomer()'><b>GetCustomer</b><br>Test class: com.java.qa.sccm.test.GetCustomerDataTest<br>Parameters: {TestName=BlankCustID, Customer_id=}<br/>
<a href="#Output-86509192" onClick='toggleBox("Output-86509192", this, "Show output", "Hide output");'>Show output</a>

<a href="#Output-86509192" onClick="toggleAllBoxes();">Show all outputs</a>
<div class='log' id="Output-86509192">
Request URI : http://173.37.21.174/SCCM/sccm_api/web/api/v1/customers?customer_id=<br/>
Status code : 200<br/>
Response message : Response Messege : {
    "status_code": 5000,
    "sub_status_code": 5003,
    "error": "Customer Resource Not Found",
    "data": [
        
    ],
    "app_data": [
        
    ]
}<br/>
</div>
</td>
<td></td>
<td>0</td>
<td>com.java.qa.sccm.test.GetCustomerDataTest@2e11485</td></tr>
<tr>
<td title='com.java.qa.sccm.test.DeleteCustomerTest.DeleteCustomer()'><b>DeleteCustomer</b><br>Test class: com.java.qa.sccm.test.DeleteCustomerTest<br>Parameters: {TestName=BlankCustID, Customer_id=}<br/>
<a href="#Output-1798239502" onClick='toggleBox("Output-1798239502", this, "Show output", "Hide output");'>Show output</a>

<a href="#Output-1798239502" onClick="toggleAllBoxes();">Show all outputs</a>
<div class='log' id="Output-1798239502">
Request URI : http://173.37.21.174/SCCM/sccm_api/web/api/v1/customers?customer_id=<br/>
Status code : 200<br/>
Response message : Response Messege : {
    "status_code": 5000,
    "sub_status_code": 5003,
    "error": "Customer Resource Not Found",
    "data": [
        
    ],
    "app_data": [
        
    ]
}<br/>
</div>
</td>
<td></td>
<td>1</td>
<td>com.java.qa.sccm.test.DeleteCustomerTest@4cc6fa2a</td></tr>
<tr>
<td title='com.java.qa.sccm.test.DeleteCustomerTest.DeleteCustomer()'><b>DeleteCustomer</b><br>Test class: com.java.qa.sccm.test.DeleteCustomerTest<br>Parameters: {TestName=validData, Customer_id=967572}<br/>
<a href="#Output-1109979753" onClick='toggleBox("Output-1109979753", this, "Show output", "Hide output");'>Show output</a>

<a href="#Output-1109979753" onClick="toggleAllBoxes();">Show all outputs</a>
<div class='log' id="Output-1109979753">
Request URI : http://173.37.21.174/SCCM/sccm_api/web/api/v1/customers?customer_id=967572<br/>
Status code : 200<br/>
Response message : Response Messege : {
    "status_code": 200,
    "sub_status_code": 2000,
    "message": "Customer Deleted Successfully",
    "data": {
        "customer_id": "967572"
    },
    "app_data": [
        
    ]
}<br/>
</div>
</td>
<td></td>
<td>1</td>
<td>com.java.qa.sccm.test.DeleteCustomerTest@4cc6fa2a</td></tr>
<tr>
<td title='com.java.qa.sccm.test.LoginTest.loginTestValidation()'><b>loginTestValidation</b><br>Test class: com.java.qa.sccm.test.LoginTest<br>Test method: Verify sign in functionality<br>Parameters: {TestName=LoginTest, ExpectedOutput=Data retrieval successfully, Password=Test@321, UserName=admin}<br/>
<a href="#Output-1914435501" onClick='toggleBox("Output-1914435501", this, "Show output", "Hide output");'>Show output</a>

<a href="#Output-1914435501" onClick="toggleAllBoxes();">Show all outputs</a>
<div class='log' id="Output-1914435501">
Request URI : http://173.37.21.174/SCCM/sccm_api/web/api/v1/login<br/>
Status code : 200<br/>
Response message : Response Messege : {
    "status": true,
    "message": "Data retrieval successfully",
    "token_type": "Bearer",
    "access_token": "eyJ0eXAiOiJKV1QiLCJhbGciOiJIUzI1NiJ9.eyJpc3MiOiJodHRwOlwvXC8xNzMuMzcuMjEuMTc0IiwiYXVkIjoiaHR0cDpcL1wvMTczLjM3LjIxLjE3NCIsImlhdCI6MTYzMzc3OTcyNiwibmJmIjoxNjMzNzc5NzI2LCJleHAiOjE2MzM3ODMzMjYsImp0aSI6Ijc5Rm0zRFhBbm9WbHJJRk00R1BzUXRMcER3SUYwUzlOIn0.dM7o2hotnGyOtN8h_GmDgLz9ZWRnw6OQhuFyxnBE0xk"
}<br/>
</div>
</td>
<td></td>
<td>4</td>
<td>com.java.qa.sccm.test.LoginTest@75390459</td></tr>
<tr>
<td title='com.java.qa.sccm.test.Step1Test.Step1()'><b>Step1</b><br>Test class: com.java.qa.sccm.test.Step1Test<br>Parameters: {adlType=FALSE, TestName=validData, portUD=No, qos=FALSE, endPointCount=1, customerId=10034567, seriverOrderId=1.1.1.2.2.3.4}<br/>
<a href="#Output-303354428" onClick='toggleBox("Output-303354428", this, "Show output", "Hide output");'>Show output</a>

<a href="#Output-303354428" onClick="toggleAllBoxes();">Show all outputs</a>
<div class='log' id="Output-303354428">
Request URI : http://173.37.21.174/SCCM/sccm_api/web/api/v1/servicedeploy/step1<br/>
Status code : 200<br/>
Response message : Response Messege : {
    "status_code": 6000,
    "sub_status_code": "6001",
    "error": "Qos Value Can Only Be Boolean Value(true Or False)!",
    "data": "",
    "app_data": ""
}<br/>
</div>
</td>
<td></td>
<td>1</td>
<td>com.java.qa.sccm.test.Step1Test@666b83a4</td></tr>
<tr>
<td title='com.java.qa.sccm.test.GetCustomerDataTest.GetCustomer()'><b>GetCustomer</b><br>Test class: com.java.qa.sccm.test.GetCustomerDataTest<br>Parameters: {TestName=ValidData, Customer_id=967572}<br/>
<a href="#Output-2063470183" onClick='toggleBox("Output-2063470183", this, "Show output", "Hide output");'>Show output</a>

<a href="#Output-2063470183" onClick="toggleAllBoxes();">Show all outputs</a>
<div class='log' id="Output-2063470183">
Request URI : http://173.37.21.174/SCCM/sccm_api/web/api/v1/customers?customer_id=967572<br/>
Status code : 200<br/>
Response message : Response Messege : {
    "status_code": 1004,
    "sub_status_code": 1004,
    "message": "Customer Data Retrieval Successfully",
    "data": {
        "customer_id": "967572",
        "customer_name": "NEWAPI828",
        "services": [
            
        ]
    },
    "app_data": [
        
    ]
}<br/>
</div>
</td>
<td></td>
<td>1</td>
<td>com.java.qa.sccm.test.GetCustomerDataTest@2e11485</td></tr>
<tr>
<td title='com.java.qa.sccm.test.DeleteCustomerTest.DeleteCustomer()'><b>DeleteCustomer</b><br>Test class: com.java.qa.sccm.test.DeleteCustomerTest<br>Parameters: {TestName=InvalidCustID, Customer_id=!@#!#$%$#}<br/>
<a href="#Output-797374927" onClick='toggleBox("Output-797374927", this, "Show output", "Hide output");'>Show output</a>

<a href="#Output-797374927" onClick="toggleAllBoxes();">Show all outputs</a>
<div class='log' id="Output-797374927">
Request URI : http://173.37.21.174/SCCM/sccm_api/web/api/v1/customers?customer_id=!@#!#$%$#<br/>
Status code : 200<br/>
Response message : Response Messege : {
    "status_code": 5000,
    "sub_status_code": 5003,
    "error": "Customer Resource Not Found",
    "data": [
        
    ],
    "app_data": [
        
    ]
}<br/>
</div>
</td>
<td></td>
<td>2</td>
<td>com.java.qa.sccm.test.DeleteCustomerTest@4cc6fa2a</td></tr>
<tr>
<td title='com.java.qa.sccm.test.UpdateCustomerTest.updateCustomer()'><b>updateCustomer</b><br>Test class: com.java.qa.sccm.test.UpdateCustomerTest<br>Parameters: {TestName=validData, Customer_id=967572}<br/>
<a href="#Output-2062604571" onClick='toggleBox("Output-2062604571", this, "Show output", "Hide output");'>Show output</a>

<a href="#Output-2062604571" onClick="toggleAllBoxes();">Show all outputs</a>
<div class='log' id="Output-2062604571">
Request URI : http://173.37.21.174/SCCM/sccm_api/web/api/v1/customers?customer_id=967572<br/>
Status code : 200<br/>
Response message : Response Messege : {
    "status_code": 1002,
    "sub_status_code": 1002,
    "message": "Updated Successfully",
    "data": {
        "customer_id": "967572"
    },
    "app_data": [
        
    ]
}<br/>
</div>
</td>
<td></td>
<td>0</td>
<td>com.java.qa.sccm.test.UpdateCustomerTest@47db5fa5</td></tr>
<tr>
<td title='com.java.qa.sccm.test.CreateCustomerTest.createCustomer()'><b>createCustomer</b><br>Test class: com.java.qa.sccm.test.CreateCustomerTest<br>Parameters: {customer_name=AutomationUser, TestName=ValidData, short_name=AutoUser, customer_id=AutoUser}<br/>
<a href="#Output-1982468278" onClick='toggleBox("Output-1982468278", this, "Show output", "Hide output");'>Show output</a>

<a href="#Output-1982468278" onClick="toggleAllBoxes();">Show all outputs</a>
<div class='log' id="Output-1982468278">
Request URI : http://173.37.21.174/SCCM/sccm_api/web/api/v1/customers<br/>
Status code : 200<br/>
Response message : Response Messege : {
    "status_code": 1001,
    "sub_status_code": 1001,
    "message": "Customer Created Successfully",
    "data": {
        "customer_id": "AutoUser603324"
    },
    "app_data": [
        
    ]
}<br/>
</div>
</td>
<td></td>
<td>0</td>
<td>com.java.qa.sccm.test.CreateCustomerTest@41e350f1</td></tr>
<tr>
<td title='com.java.qa.sccm.test.CreateCustomerTest.createCustomer()'><b>createCustomer</b><br>Test class: com.java.qa.sccm.test.CreateCustomerTest<br>Parameters: {customer_name=AutomationUser, TestName=ShortNameRangeHigh, short_name=AutoUserTesting12345, customer_id=AutoUser}<br/>
<a href="#Output-1891930552" onClick='toggleBox("Output-1891930552", this, "Show output", "Hide output");'>Show output</a>

<a href="#Output-1891930552" onClick="toggleAllBoxes();">Show all outputs</a>
<div class='log' id="Output-1891930552">
Request URI : http://173.37.21.174/SCCM/sccm_api/web/api/v1/customers<br/>
Status code : 200<br/>
Response message : Response Messege : {
    "status_code": 5000,
    "sub_status_code": 5003,
    "error": "Short Name Should Contain At Most 15 Characters.",
    "data": [
        
    ],
    "app_data": [
        
    ]
}<br/>
</div>
</td>
<td></td>
<td>0</td>
<td>com.java.qa.sccm.test.CreateCustomerTest@41e350f1</td></tr>
</table><p>
</body>
</html>